{
"/home/daisycutter/github/nlesc-sherlock/metrochartjs/dist/metrochart.js":{"path":"/home/daisycutter/github/nlesc-sherlock/metrochartjs/dist/metrochart.js","s":{"1":1,"2":1,"3":0,"4":1,"5":0,"6":1,"7":1,"8":1,"9":0,"10":0,"11":0,"12":0,"13":0,"14":1,"15":1,"16":1,"17":1,"18":5,"19":3,"20":0,"21":0,"22":0,"23":0,"24":0,"25":0,"26":0,"27":3,"28":3,"29":3,"30":3,"31":5,"32":1,"33":1,"34":1,"35":1,"36":1,"37":1,"38":1,"39":1,"40":1,"41":1,"42":1,"43":1,"44":1,"45":0,"46":0,"47":0,"48":0,"49":0,"50":0,"51":0,"52":0,"53":0,"54":0,"55":0,"56":1,"57":0,"58":0,"59":0,"60":0,"61":1,"62":0,"63":0,"64":0,"65":0,"66":0,"67":0,"68":0,"69":0,"70":0,"71":0,"72":0,"73":0,"74":0,"75":0,"76":0,"77":0,"78":0,"79":0,"80":0,"81":0,"82":0,"83":0,"84":0,"85":0,"86":0,"87":0,"88":0,"89":0,"90":0,"91":0,"92":0,"93":0,"94":0,"95":0,"96":0,"97":0,"98":0,"99":0,"100":1,"101":0,"102":0,"103":0,"104":0,"105":0,"106":0,"107":0,"108":0,"109":0,"110":0,"111":0,"112":0,"113":1,"114":0,"115":0,"116":0,"117":0,"118":0,"119":0,"120":0,"121":1,"122":0,"123":0,"124":0,"125":0,"126":0,"127":0,"128":0,"129":0,"130":0,"131":1,"132":0,"133":0,"134":0,"135":0,"136":0,"137":0,"138":0,"139":0,"140":0,"141":0,"142":0,"143":0,"144":0,"145":0,"146":0,"147":0,"148":0,"149":0,"150":0,"151":0,"152":0,"153":0,"154":0,"155":0,"156":0,"157":0,"158":0,"159":0,"160":1,"161":0,"162":0,"163":0,"164":0,"165":0,"166":1,"167":0,"168":0,"169":0,"170":0,"171":0,"172":0,"173":0,"174":0,"175":0,"176":0,"177":0,"178":0,"179":0,"180":0,"181":1,"182":0,"183":0,"184":0,"185":0,"186":0,"187":0,"188":0,"189":0,"190":0,"191":1,"192":0,"193":0,"194":0,"195":0,"196":0,"197":0,"198":0,"199":0,"200":0,"201":0,"202":0,"203":1,"204":0,"205":0,"206":0,"207":0,"208":0,"209":0,"210":0,"211":0,"212":0,"213":0,"214":0,"215":0,"216":0,"217":0,"218":0,"219":0,"220":0,"221":0,"222":0,"223":0,"224":0,"225":0,"226":0,"227":0,"228":0,"229":0,"230":0,"231":0,"232":0,"233":0,"234":0,"235":0,"236":0,"237":0,"238":0,"239":0,"240":0,"241":0,"242":0,"243":0,"244":0,"245":0,"246":0,"247":0,"248":0,"249":0,"250":0,"251":0,"252":0,"253":0,"254":0,"255":0,"256":0,"257":0,"258":0,"259":0,"260":0,"261":0,"262":0,"263":0,"264":0,"265":0,"266":1,"267":0,"268":0,"269":0,"270":0,"271":1,"272":0,"273":0,"274":0,"275":0,"276":0,"277":0,"278":1,"279":0,"280":0,"281":0,"282":0,"283":0,"284":0,"285":0,"286":0,"287":0,"288":0,"289":0,"290":0,"291":0,"292":0,"293":0,"294":0,"295":0,"296":0,"297":0,"298":0,"299":0,"300":0,"301":1,"302":0,"303":0,"304":0,"305":0,"306":0,"307":0,"308":0,"309":0,"310":0,"311":0,"312":0,"313":1,"314":0,"315":0,"316":0,"317":0,"318":0,"319":0,"320":0,"321":0,"322":0,"323":0,"324":0,"325":0,"326":0,"327":0,"328":1,"329":0,"330":0,"331":1,"332":0,"333":0,"334":1,"335":0,"336":0,"337":1,"338":0,"339":0,"340":1,"341":0,"342":0,"343":1,"344":0,"345":0,"346":1,"347":0,"348":0,"349":1,"350":0,"351":1,"352":1,"353":1,"354":1,"355":1,"356":0,"357":0,"358":1,"359":1,"360":1,"361":1,"362":1,"363":1,"364":0,"365":0,"366":0,"367":1,"368":1},"b":{"1":[0,1],"2":[1,0],"3":[0,1],"4":[1,0],"5":[1,0],"6":[0,0],"7":[0,0],"8":[3,2],"9":[0,3],"10":[0,0],"11":[0,0],"12":[0,0],"13":[0,0],"14":[3,0],"15":[1,0],"16":[1,0],"17":[0,0],"18":[0,0],"19":[0,0],"20":[0,0],"21":[0,0],"22":[0,0],"23":[0,0],"24":[0,0],"25":[0,0],"26":[0,0],"27":[0,0],"28":[0,0],"29":[0,0],"30":[0,0],"31":[0,0],"32":[0,0],"33":[0,0],"34":[0,0],"35":[0,0],"36":[0,0],"37":[0,0],"38":[0,0],"39":[0,0],"40":[0,0],"41":[0,0],"42":[0,0],"43":[0,0],"44":[0,0],"45":[0,0],"46":[0,0],"47":[0,0],"48":[0,0],"49":[0,0],"50":[0,0],"51":[0,0],"52":[0,0],"53":[0,0],"54":[0,0],"55":[0,0],"56":[0,0],"57":[0,0],"58":[0,0],"59":[0,0],"60":[0,0],"61":[0,0],"62":[0,0],"63":[0,1],"64":[1,0],"65":[0,0],"66":[1,1,1],"67":[0,0],"68":[0,1]},"f":{"1":1,"2":1,"3":1,"4":5,"5":3,"6":1,"7":1,"8":1,"9":1,"10":0,"11":0,"12":0,"13":0,"14":0,"15":0,"16":0,"17":0,"18":0,"19":0,"20":0,"21":0,"22":0,"23":0,"24":0,"25":0,"26":0,"27":0,"28":0,"29":0,"30":0,"31":0,"32":0,"33":0,"34":0,"35":0,"36":0,"37":0,"38":0,"39":0,"40":0,"41":0,"42":0,"43":0,"44":0,"45":0,"46":0,"47":0,"48":0,"49":0,"50":0,"51":0,"52":0,"53":0,"54":0,"55":0,"56":0,"57":0,"58":0,"59":0,"60":0,"61":0,"62":0,"63":0,"64":0,"65":0,"66":0,"67":1,"68":1,"69":1,"70":1,"71":0},"fnMap":{"1":{"name":"(anonymous_1)","line":1,"loc":{"start":{"line":1,"column":1},"end":{"line":1,"column":12}}},"2":{"name":"(anonymous_2)","line":1,"loc":{"start":{"line":1,"column":326},"end":{"line":1,"column":336}}},"3":{"name":"e","line":1,"loc":{"start":{"line":1,"column":371},"end":{"line":1,"column":388}}},"4":{"name":"s","line":1,"loc":{"start":{"line":1,"column":389},"end":{"line":1,"column":404}}},"5":{"name":"(anonymous_5)","line":1,"loc":{"start":{"line":1,"column":638},"end":{"line":1,"column":649}}},"6":{"name":"(anonymous_6)","line":1,"loc":{"start":{"line":1,"column":817},"end":{"line":1,"column":849}}},"7":{"name":"(anonymous_7)","line":11,"loc":{"start":{"line":11,"column":47},"end":{"line":11,"column":79}}},"8":{"name":"(anonymous_8)","line":12,"loc":{"start":{"line":12,"column":1},"end":{"line":12,"column":18}}},"9":{"name":"(anonymous_9)","line":32,"loc":{"start":{"line":32,"column":18},"end":{"line":32,"column":30}}},"10":{"name":"MetroChart","line":44,"loc":{"start":{"line":44,"column":4},"end":{"line":44,"column":44}}},"11":{"name":"(anonymous_11)","line":63,"loc":{"start":{"line":63,"column":42},"end":{"line":63,"column":54}}},"12":{"name":"(anonymous_12)","line":67,"loc":{"start":{"line":67,"column":32},"end":{"line":67,"column":44}}},"13":{"name":"(anonymous_13)","line":82,"loc":{"start":{"line":82,"column":47},"end":{"line":82,"column":66}}},"14":{"name":"(anonymous_14)","line":194,"loc":{"start":{"line":194,"column":41},"end":{"line":194,"column":57}}},"15":{"name":"(anonymous_15)","line":240,"loc":{"start":{"line":240,"column":48},"end":{"line":240,"column":67}}},"16":{"name":"(anonymous_16)","line":272,"loc":{"start":{"line":272,"column":46},"end":{"line":272,"column":65}}},"17":{"name":"(anonymous_17)","line":296,"loc":{"start":{"line":296,"column":44},"end":{"line":296,"column":60}}},"18":{"name":"(anonymous_18)","line":312,"loc":{"start":{"line":312,"column":34},"end":{"line":312,"column":70}}},"19":{"name":"(anonymous_19)","line":366,"loc":{"start":{"line":366,"column":48},"end":{"line":366,"column":64}}},"20":{"name":"(anonymous_20)","line":390,"loc":{"start":{"line":390,"column":42},"end":{"line":390,"column":77}}},"21":{"name":"(anonymous_21)","line":416,"loc":{"start":{"line":416,"column":43},"end":{"line":416,"column":55}}},"22":{"name":"(anonymous_22)","line":447,"loc":{"start":{"line":447,"column":44},"end":{"line":447,"column":63}}},"23":{"name":"(anonymous_23)","line":469,"loc":{"start":{"line":469,"column":50},"end":{"line":469,"column":62}}},"24":{"name":"(anonymous_24)","line":471,"loc":{"start":{"line":471,"column":34},"end":{"line":471,"column":57}}},"25":{"name":"(anonymous_25)","line":483,"loc":{"start":{"line":483,"column":35},"end":{"line":483,"column":58}}},"26":{"name":"(anonymous_26)","line":495,"loc":{"start":{"line":495,"column":51},"end":{"line":495,"column":63}}},"27":{"name":"(anonymous_27)","line":503,"loc":{"start":{"line":503,"column":34},"end":{"line":503,"column":57}}},"28":{"name":"(anonymous_28)","line":511,"loc":{"start":{"line":511,"column":35},"end":{"line":511,"column":58}}},"29":{"name":"(anonymous_29)","line":543,"loc":{"start":{"line":543,"column":27},"end":{"line":543,"column":40}}},"30":{"name":"(anonymous_30)","line":544,"loc":{"start":{"line":544,"column":23},"end":{"line":544,"column":36}}},"31":{"name":"(anonymous_31)","line":545,"loc":{"start":{"line":545,"column":29},"end":{"line":545,"column":42}}},"32":{"name":"(anonymous_32)","line":546,"loc":{"start":{"line":546,"column":25},"end":{"line":546,"column":38}}},"33":{"name":"(anonymous_33)","line":547,"loc":{"start":{"line":547,"column":29},"end":{"line":547,"column":41}}},"34":{"name":"(anonymous_34)","line":554,"loc":{"start":{"line":554,"column":28},"end":{"line":554,"column":40}}},"35":{"name":"(anonymous_35)","line":567,"loc":{"start":{"line":567,"column":29},"end":{"line":567,"column":41}}},"36":{"name":"(anonymous_36)","line":574,"loc":{"start":{"line":574,"column":28},"end":{"line":574,"column":40}}},"37":{"name":"(anonymous_37)","line":585,"loc":{"start":{"line":585,"column":18},"end":{"line":585,"column":31}}},"38":{"name":"(anonymous_38)","line":589,"loc":{"start":{"line":589,"column":23},"end":{"line":589,"column":36}}},"39":{"name":"(anonymous_39)","line":593,"loc":{"start":{"line":593,"column":23},"end":{"line":593,"column":36}}},"40":{"name":"(anonymous_40)","line":594,"loc":{"start":{"line":594,"column":25},"end":{"line":594,"column":38}}},"41":{"name":"(anonymous_41)","line":596,"loc":{"start":{"line":596,"column":25},"end":{"line":596,"column":38}}},"42":{"name":"(anonymous_42)","line":603,"loc":{"start":{"line":603,"column":35},"end":{"line":603,"column":48}}},"43":{"name":"(anonymous_43)","line":605,"loc":{"start":{"line":605,"column":36},"end":{"line":605,"column":49}}},"44":{"name":"(anonymous_44)","line":606,"loc":{"start":{"line":606,"column":38},"end":{"line":606,"column":51}}},"45":{"name":"(anonymous_45)","line":619,"loc":{"start":{"line":619,"column":28},"end":{"line":619,"column":41}}},"46":{"name":"(anonymous_46)","line":622,"loc":{"start":{"line":622,"column":27},"end":{"line":622,"column":40}}},"47":{"name":"(anonymous_47)","line":633,"loc":{"start":{"line":633,"column":36},"end":{"line":633,"column":48}}},"48":{"name":"(anonymous_48)","line":656,"loc":{"start":{"line":656,"column":36},"end":{"line":656,"column":54}}},"49":{"name":"(anonymous_49)","line":672,"loc":{"start":{"line":672,"column":36},"end":{"line":672,"column":48}}},"50":{"name":"(anonymous_50)","line":678,"loc":{"start":{"line":678,"column":37},"end":{"line":678,"column":49}}},"51":{"name":"(anonymous_51)","line":735,"loc":{"start":{"line":735,"column":46},"end":{"line":735,"column":62}}},"52":{"name":"(anonymous_52)","line":769,"loc":{"start":{"line":769,"column":38},"end":{"line":769,"column":50}}},"53":{"name":"(anonymous_53)","line":795,"loc":{"start":{"line":795,"column":45},"end":{"line":795,"column":57}}},"54":{"name":"(anonymous_54)","line":800,"loc":{"start":{"line":800,"column":13},"end":{"line":800,"column":25}}},"55":{"name":"(anonymous_55)","line":807,"loc":{"start":{"line":807,"column":13},"end":{"line":807,"column":31}}},"56":{"name":"(anonymous_56)","line":814,"loc":{"start":{"line":814,"column":13},"end":{"line":814,"column":25}}},"57":{"name":"(anonymous_57)","line":821,"loc":{"start":{"line":821,"column":13},"end":{"line":821,"column":39}}},"58":{"name":"(anonymous_58)","line":828,"loc":{"start":{"line":828,"column":13},"end":{"line":828,"column":25}}},"59":{"name":"(anonymous_59)","line":834,"loc":{"start":{"line":834,"column":13},"end":{"line":834,"column":31}}},"60":{"name":"(anonymous_60)","line":841,"loc":{"start":{"line":841,"column":13},"end":{"line":841,"column":25}}},"61":{"name":"(anonymous_61)","line":847,"loc":{"start":{"line":847,"column":13},"end":{"line":847,"column":37}}},"62":{"name":"(anonymous_62)","line":854,"loc":{"start":{"line":854,"column":13},"end":{"line":854,"column":25}}},"63":{"name":"(anonymous_63)","line":860,"loc":{"start":{"line":860,"column":13},"end":{"line":860,"column":32}}},"64":{"name":"(anonymous_64)","line":867,"loc":{"start":{"line":867,"column":13},"end":{"line":867,"column":25}}},"65":{"name":"(anonymous_65)","line":873,"loc":{"start":{"line":873,"column":13},"end":{"line":873,"column":37}}},"66":{"name":"(anonymous_66)","line":883,"loc":{"start":{"line":883,"column":13},"end":{"line":883,"column":25}}},"67":{"name":"(anonymous_67)","line":965,"loc":{"start":{"line":965,"column":30},"end":{"line":965,"column":62}}},"68":{"name":"(anonymous_68)","line":967,"loc":{"start":{"line":967,"column":44},"end":{"line":967,"column":60}}},"69":{"name":"__","line":969,"loc":{"start":{"line":969,"column":4},"end":{"line":969,"column":18}}},"70":{"name":"(anonymous_70)","line":975,"loc":{"start":{"line":975,"column":23},"end":{"line":975,"column":41}}},"71":{"name":"MetroChartError","line":977,"loc":{"start":{"line":977,"column":4},"end":{"line":977,"column":38}}}},"statementMap":{"1":{"start":{"line":1,"column":0},"end":{"line":988,"column":3}},"2":{"start":{"line":1,"column":13},"end":{"line":1,"column":323}},"3":{"start":{"line":1,"column":72},"end":{"line":1,"column":90}},"4":{"start":{"line":1,"column":96},"end":{"line":1,"column":323}},"5":{"start":{"line":1,"column":139},"end":{"line":1,"column":151}},"6":{"start":{"line":1,"column":157},"end":{"line":1,"column":163}},"7":{"start":{"line":1,"column":163},"end":{"line":1,"column":304}},"8":{"start":{"line":1,"column":195},"end":{"line":1,"column":203}},"9":{"start":{"line":1,"column":209},"end":{"line":1,"column":304}},"10":{"start":{"line":1,"column":241},"end":{"line":1,"column":249}},"11":{"start":{"line":1,"column":255},"end":{"line":1,"column":304}},"12":{"start":{"line":1,"column":285},"end":{"line":1,"column":291}},"13":{"start":{"line":1,"column":297},"end":{"line":1,"column":303}},"14":{"start":{"line":1,"column":304},"end":{"line":1,"column":322}},"15":{"start":{"line":1,"column":337},"end":{"line":1,"column":363}},"16":{"start":{"line":1,"column":363},"end":{"line":987,"column":17}},"17":{"start":{"line":1,"column":389},"end":{"line":1,"column":725}},"18":{"start":{"line":1,"column":405},"end":{"line":1,"column":705}},"19":{"start":{"line":1,"column":415},"end":{"line":1,"column":591}},"20":{"start":{"line":1,"column":425},"end":{"line":1,"column":467}},"21":{"start":{"line":1,"column":467},"end":{"line":1,"column":491}},"22":{"start":{"line":1,"column":476},"end":{"line":1,"column":491}},"23":{"start":{"line":1,"column":491},"end":{"line":1,"column":511}},"24":{"start":{"line":1,"column":496},"end":{"line":1,"column":511}},"25":{"start":{"line":1,"column":511},"end":{"line":1,"column":557}},"26":{"start":{"line":1,"column":557},"end":{"line":1,"column":590}},"27":{"start":{"line":1,"column":591},"end":{"line":1,"column":615}},"28":{"start":{"line":1,"column":615},"end":{"line":1,"column":704}},"29":{"start":{"line":1,"column":650},"end":{"line":1,"column":667}},"30":{"start":{"line":1,"column":667},"end":{"line":1,"column":682}},"31":{"start":{"line":1,"column":705},"end":{"line":1,"column":724}},"32":{"start":{"line":1,"column":725},"end":{"line":1,"column":767}},"33":{"start":{"line":1,"column":767},"end":{"line":1,"column":802}},"34":{"start":{"line":1,"column":794},"end":{"line":1,"column":802}},"35":{"start":{"line":1,"column":802},"end":{"line":1,"column":810}},"36":{"start":{"line":6,"column":0},"end":{"line":6,"column":43}},"37":{"start":{"line":7,"column":0},"end":{"line":7,"column":45}},"38":{"start":{"line":8,"column":0},"end":{"line":8,"column":53}},"39":{"start":{"line":9,"column":0},"end":{"line":9,"column":60}},"40":{"start":{"line":12,"column":0},"end":{"line":963,"column":135}},"41":{"start":{"line":14,"column":0},"end":{"line":14,"column":53}},"42":{"start":{"line":15,"column":0},"end":{"line":15,"column":101}},"43":{"start":{"line":32,"column":0},"end":{"line":960,"column":5}},"44":{"start":{"line":44,"column":4},"end":{"line":66,"column":5}},"45":{"start":{"line":46,"column":8},"end":{"line":46,"column":25}},"46":{"start":{"line":48,"column":8},"end":{"line":48,"column":24}},"47":{"start":{"line":50,"column":8},"end":{"line":50,"column":57}},"48":{"start":{"line":52,"column":8},"end":{"line":52,"column":33}},"49":{"start":{"line":53,"column":8},"end":{"line":58,"column":9}},"50":{"start":{"line":54,"column":12},"end":{"line":54,"column":64}},"51":{"start":{"line":57,"column":12},"end":{"line":57,"column":46}},"52":{"start":{"line":60,"column":8},"end":{"line":60,"column":24}},"53":{"start":{"line":62,"column":8},"end":{"line":62,"column":24}},"54":{"start":{"line":63,"column":8},"end":{"line":65,"column":11}},"55":{"start":{"line":64,"column":12},"end":{"line":64,"column":28}},"56":{"start":{"line":67,"column":4},"end":{"line":76,"column":6}},"57":{"start":{"line":69,"column":8},"end":{"line":69,"column":33}},"58":{"start":{"line":71,"column":8},"end":{"line":71,"column":31}},"59":{"start":{"line":73,"column":8},"end":{"line":73,"column":26}},"60":{"start":{"line":75,"column":8},"end":{"line":75,"column":38}},"61":{"start":{"line":82,"column":4},"end":{"line":183,"column":6}},"62":{"start":{"line":84,"column":8},"end":{"line":84,"column":19}},"63":{"start":{"line":85,"column":8},"end":{"line":85,"column":20}},"64":{"start":{"line":86,"column":8},"end":{"line":99,"column":9}},"65":{"start":{"line":88,"column":12},"end":{"line":91,"column":13}},"66":{"start":{"line":89,"column":16},"end":{"line":89,"column":35}},"67":{"start":{"line":90,"column":16},"end":{"line":90,"column":43}},"68":{"start":{"line":95,"column":12},"end":{"line":98,"column":13}},"69":{"start":{"line":96,"column":16},"end":{"line":96,"column":35}},"70":{"start":{"line":97,"column":16},"end":{"line":97,"column":43}},"71":{"start":{"line":100,"column":8},"end":{"line":100,"column":29}},"72":{"start":{"line":102,"column":8},"end":{"line":109,"column":9}},"73":{"start":{"line":104,"column":12},"end":{"line":104,"column":59}},"74":{"start":{"line":108,"column":12},"end":{"line":108,"column":41}},"75":{"start":{"line":111,"column":8},"end":{"line":118,"column":9}},"76":{"start":{"line":113,"column":12},"end":{"line":113,"column":61}},"77":{"start":{"line":117,"column":12},"end":{"line":117,"column":43}},"78":{"start":{"line":120,"column":8},"end":{"line":127,"column":9}},"79":{"start":{"line":122,"column":12},"end":{"line":122,"column":71}},"80":{"start":{"line":126,"column":12},"end":{"line":126,"column":53}},"81":{"start":{"line":129,"column":8},"end":{"line":136,"column":9}},"82":{"start":{"line":131,"column":12},"end":{"line":131,"column":71}},"83":{"start":{"line":135,"column":12},"end":{"line":135,"column":53}},"84":{"start":{"line":138,"column":8},"end":{"line":145,"column":9}},"85":{"start":{"line":140,"column":12},"end":{"line":140,"column":75}},"86":{"start":{"line":144,"column":12},"end":{"line":144,"column":57}},"87":{"start":{"line":147,"column":8},"end":{"line":154,"column":9}},"88":{"start":{"line":149,"column":12},"end":{"line":149,"column":83}},"89":{"start":{"line":153,"column":12},"end":{"line":153,"column":65}},"90":{"start":{"line":156,"column":8},"end":{"line":163,"column":9}},"91":{"start":{"line":158,"column":12},"end":{"line":158,"column":75}},"92":{"start":{"line":162,"column":12},"end":{"line":162,"column":57}},"93":{"start":{"line":165,"column":8},"end":{"line":172,"column":9}},"94":{"start":{"line":167,"column":12},"end":{"line":167,"column":73}},"95":{"start":{"line":171,"column":12},"end":{"line":171,"column":55}},"96":{"start":{"line":174,"column":8},"end":{"line":181,"column":9}},"97":{"start":{"line":176,"column":12},"end":{"line":176,"column":61}},"98":{"start":{"line":180,"column":12},"end":{"line":180,"column":43}},"99":{"start":{"line":182,"column":8},"end":{"line":182,"column":20}},"100":{"start":{"line":194,"column":4},"end":{"line":225,"column":6}},"101":{"start":{"line":196,"column":8},"end":{"line":196,"column":21}},"102":{"start":{"line":202,"column":8},"end":{"line":212,"column":9}},"103":{"start":{"line":204,"column":12},"end":{"line":204,"column":35}},"104":{"start":{"line":206,"column":12},"end":{"line":206,"column":73}},"105":{"start":{"line":207,"column":12},"end":{"line":207,"column":45}},"106":{"start":{"line":211,"column":12},"end":{"line":211,"column":27}},"107":{"start":{"line":213,"column":8},"end":{"line":223,"column":9}},"108":{"start":{"line":215,"column":12},"end":{"line":215,"column":35}},"109":{"start":{"line":217,"column":12},"end":{"line":217,"column":73}},"110":{"start":{"line":218,"column":12},"end":{"line":218,"column":39}},"111":{"start":{"line":222,"column":12},"end":{"line":222,"column":28}},"112":{"start":{"line":224,"column":8},"end":{"line":224,"column":19}},"113":{"start":{"line":240,"column":4},"end":{"line":251,"column":6}},"114":{"start":{"line":241,"column":8},"end":{"line":241,"column":43}},"115":{"start":{"line":242,"column":8},"end":{"line":242,"column":51}},"116":{"start":{"line":243,"column":8},"end":{"line":243,"column":41}},"117":{"start":{"line":244,"column":8},"end":{"line":244,"column":47}},"118":{"start":{"line":245,"column":8},"end":{"line":250,"column":9}},"119":{"start":{"line":246,"column":12},"end":{"line":246,"column":25}},"120":{"start":{"line":249,"column":12},"end":{"line":249,"column":28}},"121":{"start":{"line":272,"column":4},"end":{"line":287,"column":6}},"122":{"start":{"line":273,"column":8},"end":{"line":273,"column":43}},"123":{"start":{"line":274,"column":8},"end":{"line":274,"column":51}},"124":{"start":{"line":276,"column":8},"end":{"line":276,"column":51}},"125":{"start":{"line":277,"column":8},"end":{"line":277,"column":61}},"126":{"start":{"line":278,"column":8},"end":{"line":286,"column":9}},"127":{"start":{"line":279,"column":12},"end":{"line":279,"column":110}},"128":{"start":{"line":281,"column":13},"end":{"line":286,"column":9}},"129":{"start":{"line":282,"column":12},"end":{"line":282,"column":113}},"130":{"start":{"line":285,"column":12},"end":{"line":285,"column":83}},"131":{"start":{"line":296,"column":4},"end":{"line":355,"column":6}},"132":{"start":{"line":312,"column":8},"end":{"line":342,"column":10}},"133":{"start":{"line":313,"column":12},"end":{"line":313,"column":25}},"134":{"start":{"line":314,"column":12},"end":{"line":314,"column":26}},"135":{"start":{"line":315,"column":12},"end":{"line":315,"column":26}},"136":{"start":{"line":316,"column":12},"end":{"line":316,"column":22}},"137":{"start":{"line":317,"column":12},"end":{"line":317,"column":19}},"138":{"start":{"line":318,"column":12},"end":{"line":318,"column":19}},"139":{"start":{"line":319,"column":12},"end":{"line":319,"column":26}},"140":{"start":{"line":320,"column":12},"end":{"line":320,"column":27}},"141":{"start":{"line":321,"column":12},"end":{"line":341,"column":13}},"142":{"start":{"line":322,"column":16},"end":{"line":327,"column":17}},"143":{"start":{"line":323,"column":20},"end":{"line":323,"column":73}},"144":{"start":{"line":324,"column":20},"end":{"line":324,"column":45}},"145":{"start":{"line":325,"column":20},"end":{"line":325,"column":46}},"146":{"start":{"line":326,"column":20},"end":{"line":326,"column":72}},"147":{"start":{"line":328,"column":16},"end":{"line":328,"column":33}},"148":{"start":{"line":330,"column":17},"end":{"line":341,"column":13}},"149":{"start":{"line":331,"column":16},"end":{"line":336,"column":17}},"150":{"start":{"line":332,"column":20},"end":{"line":332,"column":61}},"151":{"start":{"line":333,"column":20},"end":{"line":333,"column":45}},"152":{"start":{"line":334,"column":20},"end":{"line":334,"column":45}},"153":{"start":{"line":335,"column":20},"end":{"line":335,"column":72}},"154":{"start":{"line":337,"column":16},"end":{"line":337,"column":33}},"155":{"start":{"line":340,"column":16},"end":{"line":340,"column":151}},"156":{"start":{"line":344,"column":8},"end":{"line":344,"column":41}},"157":{"start":{"line":346,"column":8},"end":{"line":346,"column":55}},"158":{"start":{"line":347,"column":8},"end":{"line":353,"column":16}},"159":{"start":{"line":354,"column":8},"end":{"line":354,"column":19}},"160":{"start":{"line":366,"column":4},"end":{"line":376,"column":6}},"161":{"start":{"line":368,"column":8},"end":{"line":372,"column":9}},"162":{"start":{"line":370,"column":12},"end":{"line":370,"column":98}},"163":{"start":{"line":371,"column":12},"end":{"line":371,"column":95}},"164":{"start":{"line":374,"column":8},"end":{"line":374,"column":45}},"165":{"start":{"line":375,"column":8},"end":{"line":375,"column":58}},"166":{"start":{"line":390,"column":4},"end":{"line":412,"column":6}},"167":{"start":{"line":393,"column":8},"end":{"line":393,"column":22}},"168":{"start":{"line":394,"column":8},"end":{"line":394,"column":23}},"169":{"start":{"line":395,"column":8},"end":{"line":395,"column":19}},"170":{"start":{"line":396,"column":8},"end":{"line":409,"column":9}},"171":{"start":{"line":397,"column":12},"end":{"line":397,"column":68}},"172":{"start":{"line":398,"column":12},"end":{"line":398,"column":42}},"173":{"start":{"line":399,"column":12},"end":{"line":399,"column":57}},"174":{"start":{"line":401,"column":13},"end":{"line":409,"column":9}},"175":{"start":{"line":402,"column":12},"end":{"line":402,"column":68}},"176":{"start":{"line":403,"column":12},"end":{"line":403,"column":42}},"177":{"start":{"line":404,"column":12},"end":{"line":404,"column":57}},"178":{"start":{"line":407,"column":12},"end":{"line":408,"column":56}},"179":{"start":{"line":410,"column":8},"end":{"line":410,"column":131}},"180":{"start":{"line":411,"column":8},"end":{"line":411,"column":26}},"181":{"start":{"line":416,"column":4},"end":{"line":434,"column":6}},"182":{"start":{"line":418,"column":8},"end":{"line":418,"column":25}},"183":{"start":{"line":421,"column":8},"end":{"line":426,"column":9}},"184":{"start":{"line":422,"column":12},"end":{"line":422,"column":30}},"185":{"start":{"line":423,"column":12},"end":{"line":425,"column":13}},"186":{"start":{"line":424,"column":16},"end":{"line":424,"column":44}},"187":{"start":{"line":428,"column":8},"end":{"line":428,"column":27}},"188":{"start":{"line":430,"column":8},"end":{"line":433,"column":9}},"189":{"start":{"line":431,"column":12},"end":{"line":431,"column":30}},"190":{"start":{"line":432,"column":12},"end":{"line":432,"column":57}},"191":{"start":{"line":447,"column":4},"end":{"line":465,"column":6}},"192":{"start":{"line":448,"column":8},"end":{"line":448,"column":36}},"193":{"start":{"line":449,"column":8},"end":{"line":449,"column":25}},"194":{"start":{"line":450,"column":8},"end":{"line":450,"column":33}},"195":{"start":{"line":451,"column":8},"end":{"line":451,"column":41}},"196":{"start":{"line":452,"column":8},"end":{"line":452,"column":47}},"197":{"start":{"line":454,"column":8},"end":{"line":454,"column":51}},"198":{"start":{"line":455,"column":8},"end":{"line":455,"column":73}},"199":{"start":{"line":456,"column":8},"end":{"line":456,"column":24}},"200":{"start":{"line":457,"column":8},"end":{"line":464,"column":9}},"201":{"start":{"line":458,"column":12},"end":{"line":459,"column":62}},"202":{"start":{"line":462,"column":12},"end":{"line":463,"column":65}},"203":{"start":{"line":469,"column":4},"end":{"line":627,"column":6}},"204":{"start":{"line":471,"column":8},"end":{"line":481,"column":10}},"205":{"start":{"line":478,"column":12},"end":{"line":478,"column":80}},"206":{"start":{"line":480,"column":12},"end":{"line":480,"column":49}},"207":{"start":{"line":483,"column":8},"end":{"line":501,"column":10}},"208":{"start":{"line":489,"column":12},"end":{"line":489,"column":80}},"209":{"start":{"line":492,"column":12},"end":{"line":492,"column":48}},"210":{"start":{"line":495,"column":12},"end":{"line":500,"column":15}},"211":{"start":{"line":496,"column":16},"end":{"line":498,"column":17}},"212":{"start":{"line":497,"column":20},"end":{"line":497,"column":54}},"213":{"start":{"line":503,"column":8},"end":{"line":509,"column":10}},"214":{"start":{"line":506,"column":12},"end":{"line":506,"column":63}},"215":{"start":{"line":507,"column":12},"end":{"line":507,"column":50}},"216":{"start":{"line":508,"column":12},"end":{"line":508,"column":64}},"217":{"start":{"line":511,"column":8},"end":{"line":517,"column":10}},"218":{"start":{"line":514,"column":12},"end":{"line":514,"column":63}},"219":{"start":{"line":515,"column":12},"end":{"line":515,"column":50}},"220":{"start":{"line":516,"column":12},"end":{"line":516,"column":63}},"221":{"start":{"line":519,"column":8},"end":{"line":519,"column":24}},"222":{"start":{"line":522,"column":8},"end":{"line":524,"column":36}},"223":{"start":{"line":527,"column":8},"end":{"line":530,"column":31}},"224":{"start":{"line":532,"column":8},"end":{"line":532,"column":34}},"225":{"start":{"line":533,"column":8},"end":{"line":533,"column":36}},"226":{"start":{"line":534,"column":8},"end":{"line":534,"column":46}},"227":{"start":{"line":535,"column":8},"end":{"line":535,"column":46}},"228":{"start":{"line":540,"column":8},"end":{"line":560,"column":11}},"229":{"start":{"line":543,"column":42},"end":{"line":543,"column":82}},"230":{"start":{"line":544,"column":38},"end":{"line":544,"column":67}},"231":{"start":{"line":545,"column":44},"end":{"line":545,"column":75}},"232":{"start":{"line":546,"column":40},"end":{"line":546,"column":83}},"233":{"start":{"line":551,"column":12},"end":{"line":551,"column":35}},"234":{"start":{"line":552,"column":12},"end":{"line":552,"column":46}},"235":{"start":{"line":558,"column":12},"end":{"line":558,"column":35}},"236":{"start":{"line":559,"column":12},"end":{"line":559,"column":45}},"237":{"start":{"line":563,"column":8},"end":{"line":580,"column":11}},"238":{"start":{"line":571,"column":12},"end":{"line":571,"column":35}},"239":{"start":{"line":572,"column":12},"end":{"line":572,"column":46}},"240":{"start":{"line":578,"column":12},"end":{"line":578,"column":35}},"241":{"start":{"line":579,"column":12},"end":{"line":579,"column":45}},"242":{"start":{"line":582,"column":8},"end":{"line":585,"column":51}},"243":{"start":{"line":585,"column":33},"end":{"line":585,"column":47}},"244":{"start":{"line":587,"column":8},"end":{"line":589,"column":74}},"245":{"start":{"line":589,"column":38},"end":{"line":589,"column":70}},"246":{"start":{"line":591,"column":8},"end":{"line":595,"column":30}},"247":{"start":{"line":593,"column":38},"end":{"line":593,"column":70}},"248":{"start":{"line":594,"column":40},"end":{"line":594,"column":103}},"249":{"start":{"line":596,"column":8},"end":{"line":623,"column":11}},"250":{"start":{"line":603,"column":12},"end":{"line":603,"column":90}},"251":{"start":{"line":603,"column":50},"end":{"line":603,"column":86}},"252":{"start":{"line":605,"column":12},"end":{"line":617,"column":15}},"253":{"start":{"line":605,"column":51},"end":{"line":605,"column":85}},"254":{"start":{"line":607,"column":16},"end":{"line":607,"column":63}},"255":{"start":{"line":608,"column":16},"end":{"line":616,"column":17}},"256":{"start":{"line":609,"column":20},"end":{"line":609,"column":35}},"257":{"start":{"line":611,"column":21},"end":{"line":616,"column":17}},"258":{"start":{"line":612,"column":20},"end":{"line":612,"column":33}},"259":{"start":{"line":615,"column":20},"end":{"line":615,"column":91}},"260":{"start":{"line":619,"column":12},"end":{"line":619,"column":79}},"261":{"start":{"line":619,"column":43},"end":{"line":619,"column":75}},"262":{"start":{"line":622,"column":12},"end":{"line":622,"column":75}},"263":{"start":{"line":622,"column":42},"end":{"line":622,"column":71}},"264":{"start":{"line":625,"column":8},"end":{"line":625,"column":22}},"265":{"start":{"line":626,"column":8},"end":{"line":626,"column":20}},"266":{"start":{"line":633,"column":4},"end":{"line":641,"column":6}},"267":{"start":{"line":635,"column":8},"end":{"line":635,"column":30}},"268":{"start":{"line":637,"column":8},"end":{"line":639,"column":9}},"269":{"start":{"line":638,"column":12},"end":{"line":638,"column":44}},"270":{"start":{"line":640,"column":8},"end":{"line":640,"column":20}},"271":{"start":{"line":656,"column":4},"end":{"line":668,"column":6}},"272":{"start":{"line":657,"column":8},"end":{"line":657,"column":16}},"273":{"start":{"line":658,"column":8},"end":{"line":666,"column":9}},"274":{"start":{"line":660,"column":12},"end":{"line":660,"column":28}},"275":{"start":{"line":663,"column":12},"end":{"line":663,"column":45}},"276":{"start":{"line":665,"column":12},"end":{"line":665,"column":48}},"277":{"start":{"line":667,"column":8},"end":{"line":667,"column":19}},"278":{"start":{"line":672,"column":4},"end":{"line":720,"column":6}},"279":{"start":{"line":675,"column":8},"end":{"line":675,"column":24}},"280":{"start":{"line":676,"column":8},"end":{"line":676,"column":43}},"281":{"start":{"line":678,"column":8},"end":{"line":715,"column":10}},"282":{"start":{"line":679,"column":12},"end":{"line":682,"column":13}},"283":{"start":{"line":680,"column":16},"end":{"line":681,"column":80}},"284":{"start":{"line":683,"column":12},"end":{"line":714,"column":13}},"285":{"start":{"line":684,"column":16},"end":{"line":684,"column":60}},"286":{"start":{"line":686,"column":16},"end":{"line":686,"column":40}},"287":{"start":{"line":687,"column":16},"end":{"line":687,"column":40}},"288":{"start":{"line":690,"column":16},"end":{"line":695,"column":17}},"289":{"start":{"line":691,"column":20},"end":{"line":691,"column":44}},"290":{"start":{"line":694,"column":20},"end":{"line":694,"column":52}},"291":{"start":{"line":698,"column":16},"end":{"line":703,"column":17}},"292":{"start":{"line":699,"column":20},"end":{"line":699,"column":50}},"293":{"start":{"line":702,"column":20},"end":{"line":702,"column":58}},"294":{"start":{"line":706,"column":16},"end":{"line":711,"column":17}},"295":{"start":{"line":707,"column":20},"end":{"line":707,"column":48}},"296":{"start":{"line":710,"column":20},"end":{"line":710,"column":50}},"297":{"start":{"line":712,"column":16},"end":{"line":712,"column":90}},"298":{"start":{"line":713,"column":16},"end":{"line":713,"column":28}},"299":{"start":{"line":717,"column":8},"end":{"line":717,"column":45}},"300":{"start":{"line":719,"column":8},"end":{"line":719,"column":27}},"301":{"start":{"line":735,"column":4},"end":{"line":757,"column":6}},"302":{"start":{"line":737,"column":8},"end":{"line":737,"column":41}},"303":{"start":{"line":739,"column":8},"end":{"line":739,"column":55}},"304":{"start":{"line":741,"column":8},"end":{"line":743,"column":9}},"305":{"start":{"line":742,"column":12},"end":{"line":742,"column":54}},"306":{"start":{"line":745,"column":8},"end":{"line":747,"column":9}},"307":{"start":{"line":746,"column":12},"end":{"line":746,"column":48}},"308":{"start":{"line":749,"column":8},"end":{"line":751,"column":9}},"309":{"start":{"line":750,"column":12},"end":{"line":750,"column":55}},"310":{"start":{"line":753,"column":8},"end":{"line":755,"column":9}},"311":{"start":{"line":754,"column":12},"end":{"line":754,"column":50}},"312":{"start":{"line":756,"column":8},"end":{"line":756,"column":20}},"313":{"start":{"line":769,"column":4},"end":{"line":794,"column":6}},"314":{"start":{"line":771,"column":8},"end":{"line":792,"column":9}},"315":{"start":{"line":772,"column":12},"end":{"line":772,"column":30}},"316":{"start":{"line":773,"column":12},"end":{"line":773,"column":32}},"317":{"start":{"line":774,"column":12},"end":{"line":774,"column":32}},"318":{"start":{"line":775,"column":12},"end":{"line":775,"column":44}},"319":{"start":{"line":776,"column":12},"end":{"line":791,"column":13}},"320":{"start":{"line":779,"column":16},"end":{"line":779,"column":68}},"321":{"start":{"line":781,"column":17},"end":{"line":791,"column":13}},"322":{"start":{"line":782,"column":16},"end":{"line":784,"column":17}},"323":{"start":{"line":783,"column":20},"end":{"line":783,"column":51}},"324":{"start":{"line":785,"column":16},"end":{"line":787,"column":17}},"325":{"start":{"line":786,"column":20},"end":{"line":786,"column":52}},"326":{"start":{"line":790,"column":16},"end":{"line":790,"column":124}},"327":{"start":{"line":793,"column":8},"end":{"line":793,"column":20}},"328":{"start":{"line":795,"column":4},"end":{"line":798,"column":6}},"329":{"start":{"line":796,"column":8},"end":{"line":796,"column":59}},"330":{"start":{"line":797,"column":8},"end":{"line":797,"column":60}},"331":{"start":{"line":799,"column":4},"end":{"line":812,"column":7}},"332":{"start":{"line":801,"column":12},"end":{"line":801,"column":32}},"333":{"start":{"line":808,"column":12},"end":{"line":808,"column":34}},"334":{"start":{"line":813,"column":4},"end":{"line":826,"column":7}},"335":{"start":{"line":815,"column":12},"end":{"line":815,"column":40}},"336":{"start":{"line":822,"column":12},"end":{"line":822,"column":50}},"337":{"start":{"line":827,"column":4},"end":{"line":839,"column":7}},"338":{"start":{"line":829,"column":12},"end":{"line":829,"column":32}},"339":{"start":{"line":835,"column":12},"end":{"line":835,"column":34}},"340":{"start":{"line":840,"column":4},"end":{"line":852,"column":7}},"341":{"start":{"line":842,"column":12},"end":{"line":842,"column":38}},"342":{"start":{"line":848,"column":12},"end":{"line":848,"column":46}},"343":{"start":{"line":853,"column":4},"end":{"line":865,"column":7}},"344":{"start":{"line":855,"column":12},"end":{"line":855,"column":33}},"345":{"start":{"line":861,"column":12},"end":{"line":861,"column":36}},"346":{"start":{"line":866,"column":4},"end":{"line":878,"column":7}},"347":{"start":{"line":868,"column":12},"end":{"line":868,"column":38}},"348":{"start":{"line":874,"column":12},"end":{"line":874,"column":46}},"349":{"start":{"line":879,"column":4},"end":{"line":888,"column":7}},"350":{"start":{"line":884,"column":12},"end":{"line":884,"column":29}},"351":{"start":{"line":892,"column":4},"end":{"line":958,"column":6}},"352":{"start":{"line":959,"column":4},"end":{"line":959,"column":22}},"353":{"start":{"line":961,"column":0},"end":{"line":961,"column":32}},"354":{"start":{"line":967,"column":0},"end":{"line":971,"column":2}},"355":{"start":{"line":968,"column":4},"end":{"line":968,"column":58}},"356":{"start":{"line":968,"column":21},"end":{"line":968,"column":58}},"357":{"start":{"line":968,"column":46},"end":{"line":968,"column":58}},"358":{"start":{"line":969,"column":4},"end":{"line":969,"column":43}},"359":{"start":{"line":969,"column":20},"end":{"line":969,"column":41}},"360":{"start":{"line":970,"column":4},"end":{"line":970,"column":89}},"361":{"start":{"line":975,"column":0},"end":{"line":984,"column":10}},"362":{"start":{"line":976,"column":4},"end":{"line":976,"column":39}},"363":{"start":{"line":977,"column":4},"end":{"line":982,"column":5}},"364":{"start":{"line":979,"column":8},"end":{"line":979,"column":35}},"365":{"start":{"line":980,"column":8},"end":{"line":980,"column":38}},"366":{"start":{"line":981,"column":8},"end":{"line":981,"column":31}},"367":{"start":{"line":983,"column":4},"end":{"line":983,"column":27}},"368":{"start":{"line":985,"column":0},"end":{"line":985,"column":42}}},"branchMap":{"1":{"line":1,"type":"if","locations":[{"start":{"line":1,"column":13},"end":{"line":1,"column":13}},{"start":{"line":1,"column":13},"end":{"line":1,"column":13}}]},"2":{"line":1,"type":"binary-expr","locations":[{"start":{"line":1,"column":16},"end":{"line":1,"column":41}},{"start":{"line":1,"column":43},"end":{"line":1,"column":70}}]},"3":{"line":1,"type":"if","locations":[{"start":{"line":1,"column":96},"end":{"line":1,"column":96}},{"start":{"line":1,"column":96},"end":{"line":1,"column":96}}]},"4":{"line":1,"type":"binary-expr","locations":[{"start":{"line":1,"column":99},"end":{"line":1,"column":125}},{"start":{"line":1,"column":127},"end":{"line":1,"column":137}}]},"5":{"line":1,"type":"if","locations":[{"start":{"line":1,"column":163},"end":{"line":1,"column":163}},{"start":{"line":1,"column":163},"end":{"line":1,"column":163}}]},"6":{"line":1,"type":"if","locations":[{"start":{"line":1,"column":209},"end":{"line":1,"column":209}},{"start":{"line":1,"column":209},"end":{"line":1,"column":209}}]},"7":{"line":1,"type":"if","locations":[{"start":{"line":1,"column":255},"end":{"line":1,"column":255}},{"start":{"line":1,"column":255},"end":{"line":1,"column":255}}]},"8":{"line":1,"type":"if","locations":[{"start":{"line":1,"column":405},"end":{"line":1,"column":405}},{"start":{"line":1,"column":405},"end":{"line":1,"column":405}}]},"9":{"line":1,"type":"if","locations":[{"start":{"line":1,"column":415},"end":{"line":1,"column":415}},{"start":{"line":1,"column":415},"end":{"line":1,"column":415}}]},"10":{"line":1,"type":"binary-expr","locations":[{"start":{"line":1,"column":431},"end":{"line":1,"column":457}},{"start":{"line":1,"column":459},"end":{"line":1,"column":466}}]},"11":{"line":1,"type":"if","locations":[{"start":{"line":1,"column":467},"end":{"line":1,"column":467}},{"start":{"line":1,"column":467},"end":{"line":1,"column":467}}]},"12":{"line":1,"type":"binary-expr","locations":[{"start":{"line":1,"column":470},"end":{"line":1,"column":472}},{"start":{"line":1,"column":474},"end":{"line":1,"column":475}}]},"13":{"line":1,"type":"if","locations":[{"start":{"line":1,"column":491},"end":{"line":1,"column":491}},{"start":{"line":1,"column":491},"end":{"line":1,"column":491}}]},"14":{"line":1,"type":"cond-expr","locations":[{"start":{"line":1,"column":678},"end":{"line":1,"column":679}},{"start":{"line":1,"column":680},"end":{"line":1,"column":681}}]},"15":{"line":1,"type":"binary-expr","locations":[{"start":{"line":1,"column":731},"end":{"line":1,"column":757}},{"start":{"line":1,"column":759},"end":{"line":1,"column":766}}]},"16":{"line":15,"type":"cond-expr","locations":[{"start":{"line":15,"column":33},"end":{"line":15,"column":45}},{"start":{"line":15,"column":48},"end":{"line":15,"column":99}}]},"17":{"line":15,"type":"cond-expr","locations":[{"start":{"line":15,"column":80},"end":{"line":15,"column":92}},{"start":{"line":15,"column":95},"end":{"line":15,"column":99}}]},"18":{"line":53,"type":"if","locations":[{"start":{"line":53,"column":8},"end":{"line":53,"column":8}},{"start":{"line":53,"column":8},"end":{"line":53,"column":8}}]},"19":{"line":86,"type":"if","locations":[{"start":{"line":86,"column":8},"end":{"line":86,"column":8}},{"start":{"line":86,"column":8},"end":{"line":86,"column":8}}]},"20":{"line":102,"type":"if","locations":[{"start":{"line":102,"column":8},"end":{"line":102,"column":8}},{"start":{"line":102,"column":8},"end":{"line":102,"column":8}}]},"21":{"line":111,"type":"if","locations":[{"start":{"line":111,"column":8},"end":{"line":111,"column":8}},{"start":{"line":111,"column":8},"end":{"line":111,"column":8}}]},"22":{"line":120,"type":"if","locations":[{"start":{"line":120,"column":8},"end":{"line":120,"column":8}},{"start":{"line":120,"column":8},"end":{"line":120,"column":8}}]},"23":{"line":129,"type":"if","locations":[{"start":{"line":129,"column":8},"end":{"line":129,"column":8}},{"start":{"line":129,"column":8},"end":{"line":129,"column":8}}]},"24":{"line":138,"type":"if","locations":[{"start":{"line":138,"column":8},"end":{"line":138,"column":8}},{"start":{"line":138,"column":8},"end":{"line":138,"column":8}}]},"25":{"line":147,"type":"if","locations":[{"start":{"line":147,"column":8},"end":{"line":147,"column":8}},{"start":{"line":147,"column":8},"end":{"line":147,"column":8}}]},"26":{"line":156,"type":"if","locations":[{"start":{"line":156,"column":8},"end":{"line":156,"column":8}},{"start":{"line":156,"column":8},"end":{"line":156,"column":8}}]},"27":{"line":165,"type":"if","locations":[{"start":{"line":165,"column":8},"end":{"line":165,"column":8}},{"start":{"line":165,"column":8},"end":{"line":165,"column":8}}]},"28":{"line":174,"type":"if","locations":[{"start":{"line":174,"column":8},"end":{"line":174,"column":8}},{"start":{"line":174,"column":8},"end":{"line":174,"column":8}}]},"29":{"line":202,"type":"if","locations":[{"start":{"line":202,"column":8},"end":{"line":202,"column":8}},{"start":{"line":202,"column":8},"end":{"line":202,"column":8}}]},"30":{"line":213,"type":"if","locations":[{"start":{"line":213,"column":8},"end":{"line":213,"column":8}},{"start":{"line":213,"column":8},"end":{"line":213,"column":8}}]},"31":{"line":245,"type":"if","locations":[{"start":{"line":245,"column":8},"end":{"line":245,"column":8}},{"start":{"line":245,"column":8},"end":{"line":245,"column":8}}]},"32":{"line":278,"type":"if","locations":[{"start":{"line":278,"column":8},"end":{"line":278,"column":8}},{"start":{"line":278,"column":8},"end":{"line":278,"column":8}}]},"33":{"line":281,"type":"if","locations":[{"start":{"line":281,"column":13},"end":{"line":281,"column":13}},{"start":{"line":281,"column":13},"end":{"line":281,"column":13}}]},"34":{"line":321,"type":"if","locations":[{"start":{"line":321,"column":12},"end":{"line":321,"column":12}},{"start":{"line":321,"column":12},"end":{"line":321,"column":12}}]},"35":{"line":330,"type":"if","locations":[{"start":{"line":330,"column":17},"end":{"line":330,"column":17}},{"start":{"line":330,"column":17},"end":{"line":330,"column":17}}]},"36":{"line":368,"type":"if","locations":[{"start":{"line":368,"column":8},"end":{"line":368,"column":8}},{"start":{"line":368,"column":8},"end":{"line":368,"column":8}}]},"37":{"line":368,"type":"binary-expr","locations":[{"start":{"line":368,"column":12},"end":{"line":368,"column":41}},{"start":{"line":368,"column":45},"end":{"line":368,"column":73}}]},"38":{"line":396,"type":"if","locations":[{"start":{"line":396,"column":8},"end":{"line":396,"column":8}},{"start":{"line":396,"column":8},"end":{"line":396,"column":8}}]},"39":{"line":401,"type":"if","locations":[{"start":{"line":401,"column":13},"end":{"line":401,"column":13}},{"start":{"line":401,"column":13},"end":{"line":401,"column":13}}]},"40":{"line":423,"type":"if","locations":[{"start":{"line":423,"column":12},"end":{"line":423,"column":12}},{"start":{"line":423,"column":12},"end":{"line":423,"column":12}}]},"41":{"line":457,"type":"if","locations":[{"start":{"line":457,"column":8},"end":{"line":457,"column":8}},{"start":{"line":457,"column":8},"end":{"line":457,"column":8}}]},"42":{"line":496,"type":"if","locations":[{"start":{"line":496,"column":16},"end":{"line":496,"column":16}},{"start":{"line":496,"column":16},"end":{"line":496,"column":16}}]},"43":{"line":608,"type":"if","locations":[{"start":{"line":608,"column":16},"end":{"line":608,"column":16}},{"start":{"line":608,"column":16},"end":{"line":608,"column":16}}]},"44":{"line":611,"type":"if","locations":[{"start":{"line":611,"column":21},"end":{"line":611,"column":21}},{"start":{"line":611,"column":21},"end":{"line":611,"column":21}}]},"45":{"line":658,"type":"if","locations":[{"start":{"line":658,"column":8},"end":{"line":658,"column":8}},{"start":{"line":658,"column":8},"end":{"line":658,"column":8}}]},"46":{"line":658,"type":"binary-expr","locations":[{"start":{"line":658,"column":12},"end":{"line":658,"column":46}},{"start":{"line":658,"column":50},"end":{"line":658,"column":74}}]},"47":{"line":679,"type":"if","locations":[{"start":{"line":679,"column":12},"end":{"line":679,"column":12}},{"start":{"line":679,"column":12},"end":{"line":679,"column":12}}]},"48":{"line":683,"type":"if","locations":[{"start":{"line":683,"column":12},"end":{"line":683,"column":12}},{"start":{"line":683,"column":12},"end":{"line":683,"column":12}}]},"49":{"line":683,"type":"binary-expr","locations":[{"start":{"line":683,"column":16},"end":{"line":683,"column":40}},{"start":{"line":683,"column":44},"end":{"line":683,"column":66}}]},"50":{"line":690,"type":"if","locations":[{"start":{"line":690,"column":16},"end":{"line":690,"column":16}},{"start":{"line":690,"column":16},"end":{"line":690,"column":16}}]},"51":{"line":698,"type":"if","locations":[{"start":{"line":698,"column":16},"end":{"line":698,"column":16}},{"start":{"line":698,"column":16},"end":{"line":698,"column":16}}]},"52":{"line":706,"type":"if","locations":[{"start":{"line":706,"column":16},"end":{"line":706,"column":16}},{"start":{"line":706,"column":16},"end":{"line":706,"column":16}}]},"53":{"line":741,"type":"if","locations":[{"start":{"line":741,"column":8},"end":{"line":741,"column":8}},{"start":{"line":741,"column":8},"end":{"line":741,"column":8}}]},"54":{"line":745,"type":"if","locations":[{"start":{"line":745,"column":8},"end":{"line":745,"column":8}},{"start":{"line":745,"column":8},"end":{"line":745,"column":8}}]},"55":{"line":749,"type":"if","locations":[{"start":{"line":749,"column":8},"end":{"line":749,"column":8}},{"start":{"line":749,"column":8},"end":{"line":749,"column":8}}]},"56":{"line":753,"type":"if","locations":[{"start":{"line":753,"column":8},"end":{"line":753,"column":8}},{"start":{"line":753,"column":8},"end":{"line":753,"column":8}}]},"57":{"line":776,"type":"if","locations":[{"start":{"line":776,"column":12},"end":{"line":776,"column":12}},{"start":{"line":776,"column":12},"end":{"line":776,"column":12}}]},"58":{"line":781,"type":"if","locations":[{"start":{"line":781,"column":17},"end":{"line":781,"column":17}},{"start":{"line":781,"column":17},"end":{"line":781,"column":17}}]},"59":{"line":782,"type":"if","locations":[{"start":{"line":782,"column":16},"end":{"line":782,"column":16}},{"start":{"line":782,"column":16},"end":{"line":782,"column":16}}]},"60":{"line":782,"type":"binary-expr","locations":[{"start":{"line":782,"column":20},"end":{"line":782,"column":50}},{"start":{"line":782,"column":54},"end":{"line":782,"column":95}}]},"61":{"line":785,"type":"if","locations":[{"start":{"line":785,"column":16},"end":{"line":785,"column":16}},{"start":{"line":785,"column":16},"end":{"line":785,"column":16}}]},"62":{"line":785,"type":"binary-expr","locations":[{"start":{"line":785,"column":20},"end":{"line":785,"column":51}},{"start":{"line":785,"column":55},"end":{"line":785,"column":97}}]},"63":{"line":963,"type":"cond-expr","locations":[{"start":{"line":963,"column":45},"end":{"line":963,"column":51}},{"start":{"line":963,"column":54},"end":{"line":963,"column":134}}]},"64":{"line":963,"type":"cond-expr","locations":[{"start":{"line":963,"column":84},"end":{"line":963,"column":88}},{"start":{"line":963,"column":91},"end":{"line":963,"column":134}}]},"65":{"line":963,"type":"cond-expr","locations":[{"start":{"line":963,"column":123},"end":{"line":963,"column":129}},{"start":{"line":963,"column":132},"end":{"line":963,"column":134}}]},"66":{"line":967,"type":"binary-expr","locations":[{"start":{"line":967,"column":17},"end":{"line":967,"column":21}},{"start":{"line":967,"column":25},"end":{"line":967,"column":39}},{"start":{"line":967,"column":44},"end":{"line":971,"column":1}}]},"67":{"line":968,"type":"if","locations":[{"start":{"line":968,"column":21},"end":{"line":968,"column":21}},{"start":{"line":968,"column":21},"end":{"line":968,"column":21}}]},"68":{"line":970,"type":"cond-expr","locations":[{"start":{"line":970,"column":31},"end":{"line":970,"column":47}},{"start":{"line":970,"column":51},"end":{"line":970,"column":87}}]}},"l":{"1":5,"6":1,"7":1,"8":1,"9":1,"12":1,"14":1,"15":1,"32":1,"44":1,"46":0,"48":0,"50":0,"52":0,"53":0,"54":0,"57":0,"60":0,"62":0,"63":0,"64":0,"67":1,"69":0,"71":0,"73":0,"75":0,"82":1,"84":0,"85":0,"86":0,"88":0,"89":0,"90":0,"95":0,"96":0,"97":0,"100":0,"102":0,"104":0,"108":0,"111":0,"113":0,"117":0,"120":0,"122":0,"126":0,"129":0,"131":0,"135":0,"138":0,"140":0,"144":0,"147":0,"149":0,"153":0,"156":0,"158":0,"162":0,"165":0,"167":0,"171":0,"174":0,"176":0,"180":0,"182":0,"194":1,"196":0,"202":0,"204":0,"206":0,"207":0,"211":0,"213":0,"215":0,"217":0,"218":0,"222":0,"224":0,"240":1,"241":0,"242":0,"243":0,"244":0,"245":0,"246":0,"249":0,"272":1,"273":0,"274":0,"276":0,"277":0,"278":0,"279":0,"281":0,"282":0,"285":0,"296":1,"312":0,"313":0,"314":0,"315":0,"316":0,"317":0,"318":0,"319":0,"320":0,"321":0,"322":0,"323":0,"324":0,"325":0,"326":0,"328":0,"330":0,"331":0,"332":0,"333":0,"334":0,"335":0,"337":0,"340":0,"344":0,"346":0,"347":0,"354":0,"366":1,"368":0,"370":0,"371":0,"374":0,"375":0,"390":1,"393":0,"394":0,"395":0,"396":0,"397":0,"398":0,"399":0,"401":0,"402":0,"403":0,"404":0,"407":0,"410":0,"411":0,"416":1,"418":0,"421":0,"422":0,"423":0,"424":0,"428":0,"430":0,"431":0,"432":0,"447":1,"448":0,"449":0,"450":0,"451":0,"452":0,"454":0,"455":0,"456":0,"457":0,"458":0,"462":0,"469":1,"471":0,"478":0,"480":0,"483":0,"489":0,"492":0,"495":0,"496":0,"497":0,"503":0,"506":0,"507":0,"508":0,"511":0,"514":0,"515":0,"516":0,"519":0,"522":0,"527":0,"532":0,"533":0,"534":0,"535":0,"540":0,"543":0,"544":0,"545":0,"546":0,"551":0,"552":0,"558":0,"559":0,"563":0,"571":0,"572":0,"578":0,"579":0,"582":0,"585":0,"587":0,"589":0,"591":0,"593":0,"594":0,"596":0,"603":0,"605":0,"607":0,"608":0,"609":0,"611":0,"612":0,"615":0,"619":0,"622":0,"625":0,"626":0,"633":1,"635":0,"637":0,"638":0,"640":0,"656":1,"657":0,"658":0,"660":0,"663":0,"665":0,"667":0,"672":1,"675":0,"676":0,"678":0,"679":0,"680":0,"683":0,"684":0,"686":0,"687":0,"690":0,"691":0,"694":0,"698":0,"699":0,"702":0,"706":0,"707":0,"710":0,"712":0,"713":0,"717":0,"719":0,"735":1,"737":0,"739":0,"741":0,"742":0,"745":0,"746":0,"749":0,"750":0,"753":0,"754":0,"756":0,"769":1,"771":0,"772":0,"773":0,"774":0,"775":0,"776":0,"779":0,"781":0,"782":0,"783":0,"785":0,"786":0,"790":0,"793":0,"795":1,"796":0,"797":0,"799":1,"801":0,"808":0,"813":1,"815":0,"822":0,"827":1,"829":0,"835":0,"840":1,"842":0,"848":0,"853":1,"855":0,"861":0,"866":1,"868":0,"874":0,"879":1,"884":0,"892":1,"959":1,"961":1,"967":1,"968":1,"969":1,"970":1,"975":1,"976":1,"977":1,"979":0,"980":0,"981":0,"983":1,"985":1}}}
