{
"/home/daisycutter/github/nlesc-sherlock/metrochartjs/dist/metrochart.js":{"path":"/home/daisycutter/github/nlesc-sherlock/metrochartjs/dist/metrochart.js","s":{"1":1,"2":1,"3":0,"4":1,"5":0,"6":1,"7":1,"8":1,"9":0,"10":0,"11":0,"12":0,"13":0,"14":1,"15":1,"16":1,"17":1,"18":5,"19":3,"20":0,"21":0,"22":0,"23":0,"24":0,"25":0,"26":0,"27":3,"28":3,"29":3,"30":3,"31":5,"32":1,"33":1,"34":1,"35":1,"36":1,"37":1,"38":1,"39":1,"40":1,"41":1,"42":1,"43":1,"44":1,"45":0,"46":0,"47":0,"48":0,"49":0,"50":0,"51":0,"52":0,"53":0,"54":0,"55":1,"56":0,"57":0,"58":0,"59":0,"60":0,"61":0,"62":0,"63":0,"64":0,"65":0,"66":0,"67":0,"68":0,"69":0,"70":0,"71":0,"72":0,"73":0,"74":0,"75":0,"76":0,"77":0,"78":0,"79":0,"80":0,"81":0,"82":0,"83":0,"84":0,"85":0,"86":0,"87":0,"88":0,"89":0,"90":0,"91":0,"92":0,"93":0,"94":1,"95":0,"96":0,"97":0,"98":0,"99":0,"100":0,"101":0,"102":0,"103":0,"104":0,"105":0,"106":0,"107":1,"108":0,"109":0,"110":0,"111":0,"112":0,"113":0,"114":0,"115":1,"116":0,"117":0,"118":0,"119":0,"120":0,"121":0,"122":0,"123":0,"124":0,"125":1,"126":0,"127":0,"128":0,"129":0,"130":0,"131":0,"132":0,"133":0,"134":0,"135":0,"136":0,"137":0,"138":0,"139":0,"140":0,"141":0,"142":0,"143":0,"144":0,"145":0,"146":0,"147":0,"148":0,"149":0,"150":0,"151":0,"152":0,"153":0,"154":1,"155":0,"156":0,"157":0,"158":0,"159":0,"160":1,"161":0,"162":0,"163":0,"164":0,"165":0,"166":0,"167":0,"168":0,"169":0,"170":0,"171":0,"172":0,"173":0,"174":0,"175":1,"176":0,"177":0,"178":0,"179":0,"180":0,"181":0,"182":0,"183":0,"184":0,"185":1,"186":0,"187":0,"188":0,"189":0,"190":0,"191":0,"192":0,"193":0,"194":0,"195":0,"196":0,"197":1,"198":0,"199":0,"200":0,"201":0,"202":0,"203":0,"204":0,"205":0,"206":0,"207":0,"208":0,"209":0,"210":0,"211":0,"212":0,"213":0,"214":0,"215":0,"216":0,"217":0,"218":0,"219":0,"220":0,"221":0,"222":0,"223":0,"224":0,"225":0,"226":0,"227":0,"228":0,"229":0,"230":0,"231":0,"232":0,"233":0,"234":0,"235":0,"236":0,"237":0,"238":0,"239":0,"240":0,"241":0,"242":0,"243":0,"244":0,"245":0,"246":0,"247":0,"248":0,"249":0,"250":0,"251":0,"252":0,"253":0,"254":0,"255":0,"256":0,"257":0,"258":0,"259":0,"260":0,"261":1,"262":0,"263":0,"264":0,"265":0,"266":0,"267":0,"268":1,"269":0,"270":0,"271":0,"272":0,"273":0,"274":0,"275":0,"276":0,"277":0,"278":0,"279":0,"280":0,"281":0,"282":0,"283":0,"284":0,"285":0,"286":0,"287":0,"288":0,"289":0,"290":0,"291":0,"292":0,"293":1,"294":0,"295":0,"296":0,"297":0,"298":0,"299":0,"300":0,"301":0,"302":0,"303":0,"304":0,"305":1,"306":0,"307":0,"308":0,"309":0,"310":0,"311":0,"312":0,"313":0,"314":0,"315":0,"316":0,"317":0,"318":0,"319":0,"320":1,"321":0,"322":0,"323":1,"324":0,"325":0,"326":1,"327":0,"328":0,"329":1,"330":0,"331":0,"332":1,"333":0,"334":0,"335":1,"336":0,"337":0,"338":1,"339":0,"340":1,"341":1,"342":1,"343":1,"344":1,"345":0,"346":0,"347":1,"348":1,"349":1,"350":1,"351":1,"352":1,"353":0,"354":0,"355":0,"356":1,"357":1},"b":{"1":[0,1],"2":[1,0],"3":[0,1],"4":[1,0],"5":[1,0],"6":[0,0],"7":[0,0],"8":[3,2],"9":[0,3],"10":[0,0],"11":[0,0],"12":[0,0],"13":[0,0],"14":[3,0],"15":[1,0],"16":[1,0],"17":[0,0],"18":[0,0],"19":[0,0],"20":[0,0],"21":[0,0],"22":[0,0],"23":[0,0],"24":[0,0],"25":[0,0],"26":[0,0],"27":[0,0],"28":[0,0],"29":[0,0],"30":[0,0],"31":[0,0],"32":[0,0],"33":[0,0],"34":[0,0],"35":[0,0],"36":[0,0],"37":[0,0],"38":[0,0],"39":[0,0],"40":[0,0],"41":[0,0],"42":[0,0],"43":[0,0],"44":[0,0],"45":[0,0],"46":[0,0],"47":[0,0],"48":[0,0],"49":[0,0],"50":[0,0],"51":[0,0],"52":[0,0],"53":[0,0],"54":[0,0],"55":[0,0],"56":[0,0],"57":[0,0],"58":[0,0],"59":[0,0],"60":[0,0],"61":[0,0],"62":[0,0],"63":[0,1],"64":[1,0],"65":[0,0],"66":[1,1,1],"67":[0,0],"68":[0,1]},"f":{"1":1,"2":1,"3":1,"4":5,"5":3,"6":1,"7":1,"8":1,"9":1,"10":0,"11":0,"12":0,"13":0,"14":0,"15":0,"16":0,"17":0,"18":0,"19":0,"20":0,"21":0,"22":0,"23":0,"24":0,"25":0,"26":0,"27":0,"28":0,"29":0,"30":0,"31":0,"32":0,"33":0,"34":0,"35":0,"36":0,"37":0,"38":0,"39":0,"40":0,"41":0,"42":0,"43":0,"44":0,"45":0,"46":0,"47":0,"48":0,"49":0,"50":0,"51":0,"52":0,"53":0,"54":0,"55":0,"56":0,"57":0,"58":0,"59":0,"60":0,"61":0,"62":0,"63":1,"64":1,"65":1,"66":1,"67":0},"fnMap":{"1":{"name":"(anonymous_1)","line":1,"loc":{"start":{"line":1,"column":1},"end":{"line":1,"column":12}}},"2":{"name":"(anonymous_2)","line":1,"loc":{"start":{"line":1,"column":326},"end":{"line":1,"column":336}}},"3":{"name":"e","line":1,"loc":{"start":{"line":1,"column":371},"end":{"line":1,"column":388}}},"4":{"name":"s","line":1,"loc":{"start":{"line":1,"column":389},"end":{"line":1,"column":404}}},"5":{"name":"(anonymous_5)","line":1,"loc":{"start":{"line":1,"column":638},"end":{"line":1,"column":649}}},"6":{"name":"(anonymous_6)","line":1,"loc":{"start":{"line":1,"column":817},"end":{"line":1,"column":849}}},"7":{"name":"(anonymous_7)","line":11,"loc":{"start":{"line":11,"column":47},"end":{"line":11,"column":79}}},"8":{"name":"(anonymous_8)","line":12,"loc":{"start":{"line":12,"column":1},"end":{"line":12,"column":18}}},"9":{"name":"(anonymous_9)","line":32,"loc":{"start":{"line":32,"column":18},"end":{"line":32,"column":30}}},"10":{"name":"MetroChart","line":44,"loc":{"start":{"line":44,"column":4},"end":{"line":44,"column":44}}},"11":{"name":"(anonymous_11)","line":71,"loc":{"start":{"line":71,"column":47},"end":{"line":71,"column":66}}},"12":{"name":"(anonymous_12)","line":183,"loc":{"start":{"line":183,"column":41},"end":{"line":183,"column":57}}},"13":{"name":"(anonymous_13)","line":229,"loc":{"start":{"line":229,"column":48},"end":{"line":229,"column":67}}},"14":{"name":"(anonymous_14)","line":261,"loc":{"start":{"line":261,"column":46},"end":{"line":261,"column":65}}},"15":{"name":"(anonymous_15)","line":285,"loc":{"start":{"line":285,"column":44},"end":{"line":285,"column":60}}},"16":{"name":"(anonymous_16)","line":301,"loc":{"start":{"line":301,"column":34},"end":{"line":301,"column":70}}},"17":{"name":"(anonymous_17)","line":355,"loc":{"start":{"line":355,"column":48},"end":{"line":355,"column":64}}},"18":{"name":"(anonymous_18)","line":379,"loc":{"start":{"line":379,"column":42},"end":{"line":379,"column":77}}},"19":{"name":"(anonymous_19)","line":405,"loc":{"start":{"line":405,"column":43},"end":{"line":405,"column":55}}},"20":{"name":"(anonymous_20)","line":436,"loc":{"start":{"line":436,"column":44},"end":{"line":436,"column":63}}},"21":{"name":"(anonymous_21)","line":458,"loc":{"start":{"line":458,"column":50},"end":{"line":458,"column":62}}},"22":{"name":"(anonymous_22)","line":460,"loc":{"start":{"line":460,"column":34},"end":{"line":460,"column":57}}},"23":{"name":"(anonymous_23)","line":472,"loc":{"start":{"line":472,"column":35},"end":{"line":472,"column":58}}},"24":{"name":"(anonymous_24)","line":484,"loc":{"start":{"line":484,"column":51},"end":{"line":484,"column":63}}},"25":{"name":"(anonymous_25)","line":492,"loc":{"start":{"line":492,"column":34},"end":{"line":492,"column":57}}},"26":{"name":"(anonymous_26)","line":500,"loc":{"start":{"line":500,"column":35},"end":{"line":500,"column":58}}},"27":{"name":"(anonymous_27)","line":535,"loc":{"start":{"line":535,"column":27},"end":{"line":535,"column":40}}},"28":{"name":"(anonymous_28)","line":536,"loc":{"start":{"line":536,"column":23},"end":{"line":536,"column":36}}},"29":{"name":"(anonymous_29)","line":537,"loc":{"start":{"line":537,"column":29},"end":{"line":537,"column":42}}},"30":{"name":"(anonymous_30)","line":538,"loc":{"start":{"line":538,"column":25},"end":{"line":538,"column":38}}},"31":{"name":"(anonymous_31)","line":539,"loc":{"start":{"line":539,"column":29},"end":{"line":539,"column":41}}},"32":{"name":"(anonymous_32)","line":546,"loc":{"start":{"line":546,"column":28},"end":{"line":546,"column":40}}},"33":{"name":"(anonymous_33)","line":559,"loc":{"start":{"line":559,"column":29},"end":{"line":559,"column":41}}},"34":{"name":"(anonymous_34)","line":566,"loc":{"start":{"line":566,"column":28},"end":{"line":566,"column":40}}},"35":{"name":"(anonymous_35)","line":577,"loc":{"start":{"line":577,"column":18},"end":{"line":577,"column":31}}},"36":{"name":"(anonymous_36)","line":581,"loc":{"start":{"line":581,"column":23},"end":{"line":581,"column":36}}},"37":{"name":"(anonymous_37)","line":585,"loc":{"start":{"line":585,"column":23},"end":{"line":585,"column":36}}},"38":{"name":"(anonymous_38)","line":586,"loc":{"start":{"line":586,"column":25},"end":{"line":586,"column":38}}},"39":{"name":"(anonymous_39)","line":588,"loc":{"start":{"line":588,"column":25},"end":{"line":588,"column":38}}},"40":{"name":"(anonymous_40)","line":595,"loc":{"start":{"line":595,"column":35},"end":{"line":595,"column":48}}},"41":{"name":"(anonymous_41)","line":597,"loc":{"start":{"line":597,"column":36},"end":{"line":597,"column":49}}},"42":{"name":"(anonymous_42)","line":598,"loc":{"start":{"line":598,"column":38},"end":{"line":598,"column":51}}},"43":{"name":"(anonymous_43)","line":611,"loc":{"start":{"line":611,"column":28},"end":{"line":611,"column":41}}},"44":{"name":"(anonymous_44)","line":614,"loc":{"start":{"line":614,"column":27},"end":{"line":614,"column":40}}},"45":{"name":"(anonymous_45)","line":634,"loc":{"start":{"line":634,"column":36},"end":{"line":634,"column":54}}},"46":{"name":"(anonymous_46)","line":650,"loc":{"start":{"line":650,"column":36},"end":{"line":650,"column":48}}},"47":{"name":"(anonymous_47)","line":656,"loc":{"start":{"line":656,"column":37},"end":{"line":656,"column":49}}},"48":{"name":"(anonymous_48)","line":718,"loc":{"start":{"line":718,"column":46},"end":{"line":718,"column":62}}},"49":{"name":"(anonymous_49)","line":752,"loc":{"start":{"line":752,"column":38},"end":{"line":752,"column":50}}},"50":{"name":"(anonymous_50)","line":779,"loc":{"start":{"line":779,"column":13},"end":{"line":779,"column":25}}},"51":{"name":"(anonymous_51)","line":786,"loc":{"start":{"line":786,"column":13},"end":{"line":786,"column":31}}},"52":{"name":"(anonymous_52)","line":793,"loc":{"start":{"line":793,"column":13},"end":{"line":793,"column":25}}},"53":{"name":"(anonymous_53)","line":800,"loc":{"start":{"line":800,"column":13},"end":{"line":800,"column":39}}},"54":{"name":"(anonymous_54)","line":807,"loc":{"start":{"line":807,"column":13},"end":{"line":807,"column":25}}},"55":{"name":"(anonymous_55)","line":813,"loc":{"start":{"line":813,"column":13},"end":{"line":813,"column":31}}},"56":{"name":"(anonymous_56)","line":820,"loc":{"start":{"line":820,"column":13},"end":{"line":820,"column":25}}},"57":{"name":"(anonymous_57)","line":826,"loc":{"start":{"line":826,"column":13},"end":{"line":826,"column":37}}},"58":{"name":"(anonymous_58)","line":833,"loc":{"start":{"line":833,"column":13},"end":{"line":833,"column":25}}},"59":{"name":"(anonymous_59)","line":839,"loc":{"start":{"line":839,"column":13},"end":{"line":839,"column":32}}},"60":{"name":"(anonymous_60)","line":846,"loc":{"start":{"line":846,"column":13},"end":{"line":846,"column":25}}},"61":{"name":"(anonymous_61)","line":852,"loc":{"start":{"line":852,"column":13},"end":{"line":852,"column":37}}},"62":{"name":"(anonymous_62)","line":862,"loc":{"start":{"line":862,"column":13},"end":{"line":862,"column":25}}},"63":{"name":"(anonymous_63)","line":944,"loc":{"start":{"line":944,"column":30},"end":{"line":944,"column":62}}},"64":{"name":"(anonymous_64)","line":946,"loc":{"start":{"line":946,"column":44},"end":{"line":946,"column":60}}},"65":{"name":"__","line":948,"loc":{"start":{"line":948,"column":4},"end":{"line":948,"column":18}}},"66":{"name":"(anonymous_66)","line":954,"loc":{"start":{"line":954,"column":23},"end":{"line":954,"column":41}}},"67":{"name":"MetroChartError","line":956,"loc":{"start":{"line":956,"column":4},"end":{"line":956,"column":38}}}},"statementMap":{"1":{"start":{"line":1,"column":0},"end":{"line":967,"column":3}},"2":{"start":{"line":1,"column":13},"end":{"line":1,"column":323}},"3":{"start":{"line":1,"column":72},"end":{"line":1,"column":90}},"4":{"start":{"line":1,"column":96},"end":{"line":1,"column":323}},"5":{"start":{"line":1,"column":139},"end":{"line":1,"column":151}},"6":{"start":{"line":1,"column":157},"end":{"line":1,"column":163}},"7":{"start":{"line":1,"column":163},"end":{"line":1,"column":304}},"8":{"start":{"line":1,"column":195},"end":{"line":1,"column":203}},"9":{"start":{"line":1,"column":209},"end":{"line":1,"column":304}},"10":{"start":{"line":1,"column":241},"end":{"line":1,"column":249}},"11":{"start":{"line":1,"column":255},"end":{"line":1,"column":304}},"12":{"start":{"line":1,"column":285},"end":{"line":1,"column":291}},"13":{"start":{"line":1,"column":297},"end":{"line":1,"column":303}},"14":{"start":{"line":1,"column":304},"end":{"line":1,"column":322}},"15":{"start":{"line":1,"column":337},"end":{"line":1,"column":363}},"16":{"start":{"line":1,"column":363},"end":{"line":966,"column":17}},"17":{"start":{"line":1,"column":389},"end":{"line":1,"column":725}},"18":{"start":{"line":1,"column":405},"end":{"line":1,"column":705}},"19":{"start":{"line":1,"column":415},"end":{"line":1,"column":591}},"20":{"start":{"line":1,"column":425},"end":{"line":1,"column":467}},"21":{"start":{"line":1,"column":467},"end":{"line":1,"column":491}},"22":{"start":{"line":1,"column":476},"end":{"line":1,"column":491}},"23":{"start":{"line":1,"column":491},"end":{"line":1,"column":511}},"24":{"start":{"line":1,"column":496},"end":{"line":1,"column":511}},"25":{"start":{"line":1,"column":511},"end":{"line":1,"column":557}},"26":{"start":{"line":1,"column":557},"end":{"line":1,"column":590}},"27":{"start":{"line":1,"column":591},"end":{"line":1,"column":615}},"28":{"start":{"line":1,"column":615},"end":{"line":1,"column":704}},"29":{"start":{"line":1,"column":650},"end":{"line":1,"column":667}},"30":{"start":{"line":1,"column":667},"end":{"line":1,"column":682}},"31":{"start":{"line":1,"column":705},"end":{"line":1,"column":724}},"32":{"start":{"line":1,"column":725},"end":{"line":1,"column":767}},"33":{"start":{"line":1,"column":767},"end":{"line":1,"column":802}},"34":{"start":{"line":1,"column":794},"end":{"line":1,"column":802}},"35":{"start":{"line":1,"column":802},"end":{"line":1,"column":810}},"36":{"start":{"line":6,"column":0},"end":{"line":6,"column":43}},"37":{"start":{"line":7,"column":0},"end":{"line":7,"column":45}},"38":{"start":{"line":8,"column":0},"end":{"line":8,"column":53}},"39":{"start":{"line":9,"column":0},"end":{"line":9,"column":60}},"40":{"start":{"line":12,"column":0},"end":{"line":942,"column":135}},"41":{"start":{"line":14,"column":0},"end":{"line":14,"column":53}},"42":{"start":{"line":15,"column":0},"end":{"line":15,"column":101}},"43":{"start":{"line":32,"column":0},"end":{"line":939,"column":5}},"44":{"start":{"line":44,"column":4},"end":{"line":65,"column":5}},"45":{"start":{"line":46,"column":8},"end":{"line":46,"column":25}},"46":{"start":{"line":48,"column":8},"end":{"line":48,"column":24}},"47":{"start":{"line":50,"column":8},"end":{"line":50,"column":50}},"48":{"start":{"line":54,"column":8},"end":{"line":54,"column":39}},"49":{"start":{"line":55,"column":8},"end":{"line":55,"column":83}},"50":{"start":{"line":56,"column":8},"end":{"line":56,"column":84}},"51":{"start":{"line":57,"column":8},"end":{"line":62,"column":9}},"52":{"start":{"line":58,"column":12},"end":{"line":58,"column":64}},"53":{"start":{"line":61,"column":12},"end":{"line":61,"column":46}},"54":{"start":{"line":64,"column":8},"end":{"line":64,"column":24}},"55":{"start":{"line":71,"column":4},"end":{"line":172,"column":6}},"56":{"start":{"line":73,"column":8},"end":{"line":73,"column":19}},"57":{"start":{"line":74,"column":8},"end":{"line":74,"column":20}},"58":{"start":{"line":75,"column":8},"end":{"line":88,"column":9}},"59":{"start":{"line":77,"column":12},"end":{"line":80,"column":13}},"60":{"start":{"line":78,"column":16},"end":{"line":78,"column":35}},"61":{"start":{"line":79,"column":16},"end":{"line":79,"column":43}},"62":{"start":{"line":84,"column":12},"end":{"line":87,"column":13}},"63":{"start":{"line":85,"column":16},"end":{"line":85,"column":35}},"64":{"start":{"line":86,"column":16},"end":{"line":86,"column":43}},"65":{"start":{"line":89,"column":8},"end":{"line":89,"column":29}},"66":{"start":{"line":91,"column":8},"end":{"line":98,"column":9}},"67":{"start":{"line":93,"column":12},"end":{"line":93,"column":59}},"68":{"start":{"line":97,"column":12},"end":{"line":97,"column":41}},"69":{"start":{"line":100,"column":8},"end":{"line":107,"column":9}},"70":{"start":{"line":102,"column":12},"end":{"line":102,"column":61}},"71":{"start":{"line":106,"column":12},"end":{"line":106,"column":43}},"72":{"start":{"line":109,"column":8},"end":{"line":116,"column":9}},"73":{"start":{"line":111,"column":12},"end":{"line":111,"column":71}},"74":{"start":{"line":115,"column":12},"end":{"line":115,"column":53}},"75":{"start":{"line":118,"column":8},"end":{"line":125,"column":9}},"76":{"start":{"line":120,"column":12},"end":{"line":120,"column":71}},"77":{"start":{"line":124,"column":12},"end":{"line":124,"column":53}},"78":{"start":{"line":127,"column":8},"end":{"line":134,"column":9}},"79":{"start":{"line":129,"column":12},"end":{"line":129,"column":75}},"80":{"start":{"line":133,"column":12},"end":{"line":133,"column":57}},"81":{"start":{"line":136,"column":8},"end":{"line":143,"column":9}},"82":{"start":{"line":138,"column":12},"end":{"line":138,"column":83}},"83":{"start":{"line":142,"column":12},"end":{"line":142,"column":65}},"84":{"start":{"line":145,"column":8},"end":{"line":152,"column":9}},"85":{"start":{"line":147,"column":12},"end":{"line":147,"column":75}},"86":{"start":{"line":151,"column":12},"end":{"line":151,"column":57}},"87":{"start":{"line":154,"column":8},"end":{"line":161,"column":9}},"88":{"start":{"line":156,"column":12},"end":{"line":156,"column":73}},"89":{"start":{"line":160,"column":12},"end":{"line":160,"column":55}},"90":{"start":{"line":163,"column":8},"end":{"line":170,"column":9}},"91":{"start":{"line":165,"column":12},"end":{"line":165,"column":61}},"92":{"start":{"line":169,"column":12},"end":{"line":169,"column":43}},"93":{"start":{"line":171,"column":8},"end":{"line":171,"column":20}},"94":{"start":{"line":183,"column":4},"end":{"line":214,"column":6}},"95":{"start":{"line":185,"column":8},"end":{"line":185,"column":21}},"96":{"start":{"line":191,"column":8},"end":{"line":201,"column":9}},"97":{"start":{"line":193,"column":12},"end":{"line":193,"column":35}},"98":{"start":{"line":195,"column":12},"end":{"line":195,"column":73}},"99":{"start":{"line":196,"column":12},"end":{"line":196,"column":45}},"100":{"start":{"line":200,"column":12},"end":{"line":200,"column":27}},"101":{"start":{"line":202,"column":8},"end":{"line":212,"column":9}},"102":{"start":{"line":204,"column":12},"end":{"line":204,"column":35}},"103":{"start":{"line":206,"column":12},"end":{"line":206,"column":73}},"104":{"start":{"line":207,"column":12},"end":{"line":207,"column":39}},"105":{"start":{"line":211,"column":12},"end":{"line":211,"column":28}},"106":{"start":{"line":213,"column":8},"end":{"line":213,"column":19}},"107":{"start":{"line":229,"column":4},"end":{"line":240,"column":6}},"108":{"start":{"line":230,"column":8},"end":{"line":230,"column":43}},"109":{"start":{"line":231,"column":8},"end":{"line":231,"column":51}},"110":{"start":{"line":232,"column":8},"end":{"line":232,"column":41}},"111":{"start":{"line":233,"column":8},"end":{"line":233,"column":47}},"112":{"start":{"line":234,"column":8},"end":{"line":239,"column":9}},"113":{"start":{"line":235,"column":12},"end":{"line":235,"column":25}},"114":{"start":{"line":238,"column":12},"end":{"line":238,"column":28}},"115":{"start":{"line":261,"column":4},"end":{"line":276,"column":6}},"116":{"start":{"line":262,"column":8},"end":{"line":262,"column":43}},"117":{"start":{"line":263,"column":8},"end":{"line":263,"column":51}},"118":{"start":{"line":265,"column":8},"end":{"line":265,"column":51}},"119":{"start":{"line":266,"column":8},"end":{"line":266,"column":61}},"120":{"start":{"line":267,"column":8},"end":{"line":275,"column":9}},"121":{"start":{"line":268,"column":12},"end":{"line":268,"column":110}},"122":{"start":{"line":270,"column":13},"end":{"line":275,"column":9}},"123":{"start":{"line":271,"column":12},"end":{"line":271,"column":113}},"124":{"start":{"line":274,"column":12},"end":{"line":274,"column":83}},"125":{"start":{"line":285,"column":4},"end":{"line":344,"column":6}},"126":{"start":{"line":301,"column":8},"end":{"line":331,"column":10}},"127":{"start":{"line":302,"column":12},"end":{"line":302,"column":25}},"128":{"start":{"line":303,"column":12},"end":{"line":303,"column":26}},"129":{"start":{"line":304,"column":12},"end":{"line":304,"column":26}},"130":{"start":{"line":305,"column":12},"end":{"line":305,"column":22}},"131":{"start":{"line":306,"column":12},"end":{"line":306,"column":19}},"132":{"start":{"line":307,"column":12},"end":{"line":307,"column":19}},"133":{"start":{"line":308,"column":12},"end":{"line":308,"column":26}},"134":{"start":{"line":309,"column":12},"end":{"line":309,"column":27}},"135":{"start":{"line":310,"column":12},"end":{"line":330,"column":13}},"136":{"start":{"line":311,"column":16},"end":{"line":316,"column":17}},"137":{"start":{"line":312,"column":20},"end":{"line":312,"column":73}},"138":{"start":{"line":313,"column":20},"end":{"line":313,"column":45}},"139":{"start":{"line":314,"column":20},"end":{"line":314,"column":46}},"140":{"start":{"line":315,"column":20},"end":{"line":315,"column":72}},"141":{"start":{"line":317,"column":16},"end":{"line":317,"column":33}},"142":{"start":{"line":319,"column":17},"end":{"line":330,"column":13}},"143":{"start":{"line":320,"column":16},"end":{"line":325,"column":17}},"144":{"start":{"line":321,"column":20},"end":{"line":321,"column":61}},"145":{"start":{"line":322,"column":20},"end":{"line":322,"column":45}},"146":{"start":{"line":323,"column":20},"end":{"line":323,"column":45}},"147":{"start":{"line":324,"column":20},"end":{"line":324,"column":72}},"148":{"start":{"line":326,"column":16},"end":{"line":326,"column":33}},"149":{"start":{"line":329,"column":16},"end":{"line":329,"column":151}},"150":{"start":{"line":333,"column":8},"end":{"line":333,"column":41}},"151":{"start":{"line":335,"column":8},"end":{"line":335,"column":55}},"152":{"start":{"line":336,"column":8},"end":{"line":342,"column":16}},"153":{"start":{"line":343,"column":8},"end":{"line":343,"column":19}},"154":{"start":{"line":355,"column":4},"end":{"line":365,"column":6}},"155":{"start":{"line":357,"column":8},"end":{"line":361,"column":9}},"156":{"start":{"line":359,"column":12},"end":{"line":359,"column":98}},"157":{"start":{"line":360,"column":12},"end":{"line":360,"column":95}},"158":{"start":{"line":363,"column":8},"end":{"line":363,"column":45}},"159":{"start":{"line":364,"column":8},"end":{"line":364,"column":58}},"160":{"start":{"line":379,"column":4},"end":{"line":401,"column":6}},"161":{"start":{"line":382,"column":8},"end":{"line":382,"column":22}},"162":{"start":{"line":383,"column":8},"end":{"line":383,"column":23}},"163":{"start":{"line":384,"column":8},"end":{"line":384,"column":19}},"164":{"start":{"line":385,"column":8},"end":{"line":398,"column":9}},"165":{"start":{"line":386,"column":12},"end":{"line":386,"column":68}},"166":{"start":{"line":387,"column":12},"end":{"line":387,"column":42}},"167":{"start":{"line":388,"column":12},"end":{"line":388,"column":57}},"168":{"start":{"line":390,"column":13},"end":{"line":398,"column":9}},"169":{"start":{"line":391,"column":12},"end":{"line":391,"column":68}},"170":{"start":{"line":392,"column":12},"end":{"line":392,"column":42}},"171":{"start":{"line":393,"column":12},"end":{"line":393,"column":57}},"172":{"start":{"line":396,"column":12},"end":{"line":397,"column":56}},"173":{"start":{"line":399,"column":8},"end":{"line":399,"column":131}},"174":{"start":{"line":400,"column":8},"end":{"line":400,"column":26}},"175":{"start":{"line":405,"column":4},"end":{"line":423,"column":6}},"176":{"start":{"line":407,"column":8},"end":{"line":407,"column":25}},"177":{"start":{"line":410,"column":8},"end":{"line":415,"column":9}},"178":{"start":{"line":411,"column":12},"end":{"line":411,"column":30}},"179":{"start":{"line":412,"column":12},"end":{"line":414,"column":13}},"180":{"start":{"line":413,"column":16},"end":{"line":413,"column":44}},"181":{"start":{"line":417,"column":8},"end":{"line":417,"column":27}},"182":{"start":{"line":419,"column":8},"end":{"line":422,"column":9}},"183":{"start":{"line":420,"column":12},"end":{"line":420,"column":30}},"184":{"start":{"line":421,"column":12},"end":{"line":421,"column":57}},"185":{"start":{"line":436,"column":4},"end":{"line":454,"column":6}},"186":{"start":{"line":437,"column":8},"end":{"line":437,"column":36}},"187":{"start":{"line":438,"column":8},"end":{"line":438,"column":25}},"188":{"start":{"line":439,"column":8},"end":{"line":439,"column":33}},"189":{"start":{"line":440,"column":8},"end":{"line":440,"column":41}},"190":{"start":{"line":441,"column":8},"end":{"line":441,"column":47}},"191":{"start":{"line":443,"column":8},"end":{"line":443,"column":51}},"192":{"start":{"line":444,"column":8},"end":{"line":444,"column":73}},"193":{"start":{"line":445,"column":8},"end":{"line":445,"column":24}},"194":{"start":{"line":446,"column":8},"end":{"line":453,"column":9}},"195":{"start":{"line":447,"column":12},"end":{"line":448,"column":62}},"196":{"start":{"line":451,"column":12},"end":{"line":452,"column":65}},"197":{"start":{"line":458,"column":4},"end":{"line":619,"column":6}},"198":{"start":{"line":460,"column":8},"end":{"line":470,"column":10}},"199":{"start":{"line":467,"column":12},"end":{"line":467,"column":80}},"200":{"start":{"line":469,"column":12},"end":{"line":469,"column":49}},"201":{"start":{"line":472,"column":8},"end":{"line":490,"column":10}},"202":{"start":{"line":478,"column":12},"end":{"line":478,"column":80}},"203":{"start":{"line":481,"column":12},"end":{"line":481,"column":48}},"204":{"start":{"line":484,"column":12},"end":{"line":489,"column":15}},"205":{"start":{"line":485,"column":16},"end":{"line":487,"column":17}},"206":{"start":{"line":486,"column":20},"end":{"line":486,"column":54}},"207":{"start":{"line":492,"column":8},"end":{"line":498,"column":10}},"208":{"start":{"line":495,"column":12},"end":{"line":495,"column":63}},"209":{"start":{"line":496,"column":12},"end":{"line":496,"column":50}},"210":{"start":{"line":497,"column":12},"end":{"line":497,"column":64}},"211":{"start":{"line":500,"column":8},"end":{"line":506,"column":10}},"212":{"start":{"line":503,"column":12},"end":{"line":503,"column":63}},"213":{"start":{"line":504,"column":12},"end":{"line":504,"column":50}},"214":{"start":{"line":505,"column":12},"end":{"line":505,"column":63}},"215":{"start":{"line":508,"column":8},"end":{"line":508,"column":24}},"216":{"start":{"line":510,"column":8},"end":{"line":510,"column":46}},"217":{"start":{"line":513,"column":8},"end":{"line":516,"column":36}},"218":{"start":{"line":519,"column":8},"end":{"line":522,"column":31}},"219":{"start":{"line":524,"column":8},"end":{"line":524,"column":34}},"220":{"start":{"line":525,"column":8},"end":{"line":525,"column":36}},"221":{"start":{"line":526,"column":8},"end":{"line":526,"column":46}},"222":{"start":{"line":527,"column":8},"end":{"line":527,"column":46}},"223":{"start":{"line":532,"column":8},"end":{"line":552,"column":11}},"224":{"start":{"line":535,"column":42},"end":{"line":535,"column":82}},"225":{"start":{"line":536,"column":38},"end":{"line":536,"column":67}},"226":{"start":{"line":537,"column":44},"end":{"line":537,"column":75}},"227":{"start":{"line":538,"column":40},"end":{"line":538,"column":83}},"228":{"start":{"line":543,"column":12},"end":{"line":543,"column":35}},"229":{"start":{"line":544,"column":12},"end":{"line":544,"column":46}},"230":{"start":{"line":550,"column":12},"end":{"line":550,"column":35}},"231":{"start":{"line":551,"column":12},"end":{"line":551,"column":45}},"232":{"start":{"line":555,"column":8},"end":{"line":572,"column":11}},"233":{"start":{"line":563,"column":12},"end":{"line":563,"column":35}},"234":{"start":{"line":564,"column":12},"end":{"line":564,"column":46}},"235":{"start":{"line":570,"column":12},"end":{"line":570,"column":35}},"236":{"start":{"line":571,"column":12},"end":{"line":571,"column":45}},"237":{"start":{"line":574,"column":8},"end":{"line":577,"column":51}},"238":{"start":{"line":577,"column":33},"end":{"line":577,"column":47}},"239":{"start":{"line":579,"column":8},"end":{"line":581,"column":74}},"240":{"start":{"line":581,"column":38},"end":{"line":581,"column":70}},"241":{"start":{"line":583,"column":8},"end":{"line":587,"column":30}},"242":{"start":{"line":585,"column":38},"end":{"line":585,"column":70}},"243":{"start":{"line":586,"column":40},"end":{"line":586,"column":103}},"244":{"start":{"line":588,"column":8},"end":{"line":615,"column":11}},"245":{"start":{"line":595,"column":12},"end":{"line":595,"column":90}},"246":{"start":{"line":595,"column":50},"end":{"line":595,"column":86}},"247":{"start":{"line":597,"column":12},"end":{"line":609,"column":15}},"248":{"start":{"line":597,"column":51},"end":{"line":597,"column":85}},"249":{"start":{"line":599,"column":16},"end":{"line":599,"column":63}},"250":{"start":{"line":600,"column":16},"end":{"line":608,"column":17}},"251":{"start":{"line":601,"column":20},"end":{"line":601,"column":35}},"252":{"start":{"line":603,"column":21},"end":{"line":608,"column":17}},"253":{"start":{"line":604,"column":20},"end":{"line":604,"column":33}},"254":{"start":{"line":607,"column":20},"end":{"line":607,"column":91}},"255":{"start":{"line":611,"column":12},"end":{"line":611,"column":79}},"256":{"start":{"line":611,"column":43},"end":{"line":611,"column":75}},"257":{"start":{"line":614,"column":12},"end":{"line":614,"column":75}},"258":{"start":{"line":614,"column":42},"end":{"line":614,"column":71}},"259":{"start":{"line":617,"column":8},"end":{"line":617,"column":22}},"260":{"start":{"line":618,"column":8},"end":{"line":618,"column":20}},"261":{"start":{"line":634,"column":4},"end":{"line":646,"column":6}},"262":{"start":{"line":635,"column":8},"end":{"line":635,"column":16}},"263":{"start":{"line":636,"column":8},"end":{"line":644,"column":9}},"264":{"start":{"line":638,"column":12},"end":{"line":638,"column":28}},"265":{"start":{"line":641,"column":12},"end":{"line":641,"column":45}},"266":{"start":{"line":643,"column":12},"end":{"line":643,"column":48}},"267":{"start":{"line":645,"column":8},"end":{"line":645,"column":19}},"268":{"start":{"line":650,"column":4},"end":{"line":703,"column":6}},"269":{"start":{"line":653,"column":8},"end":{"line":653,"column":24}},"270":{"start":{"line":654,"column":8},"end":{"line":654,"column":43}},"271":{"start":{"line":656,"column":8},"end":{"line":698,"column":10}},"272":{"start":{"line":657,"column":12},"end":{"line":660,"column":13}},"273":{"start":{"line":658,"column":16},"end":{"line":659,"column":80}},"274":{"start":{"line":661,"column":12},"end":{"line":697,"column":13}},"275":{"start":{"line":662,"column":16},"end":{"line":662,"column":60}},"276":{"start":{"line":664,"column":16},"end":{"line":664,"column":40}},"277":{"start":{"line":665,"column":16},"end":{"line":665,"column":40}},"278":{"start":{"line":668,"column":16},"end":{"line":673,"column":17}},"279":{"start":{"line":669,"column":20},"end":{"line":669,"column":44}},"280":{"start":{"line":672,"column":20},"end":{"line":672,"column":52}},"281":{"start":{"line":676,"column":16},"end":{"line":681,"column":17}},"282":{"start":{"line":677,"column":20},"end":{"line":677,"column":50}},"283":{"start":{"line":680,"column":20},"end":{"line":680,"column":58}},"284":{"start":{"line":684,"column":16},"end":{"line":689,"column":17}},"285":{"start":{"line":685,"column":20},"end":{"line":685,"column":48}},"286":{"start":{"line":688,"column":20},"end":{"line":688,"column":50}},"287":{"start":{"line":690,"column":16},"end":{"line":690,"column":90}},"288":{"start":{"line":692,"column":16},"end":{"line":692,"column":39}},"289":{"start":{"line":694,"column":16},"end":{"line":694,"column":34}},"290":{"start":{"line":696,"column":16},"end":{"line":696,"column":46}},"291":{"start":{"line":700,"column":8},"end":{"line":700,"column":45}},"292":{"start":{"line":702,"column":8},"end":{"line":702,"column":27}},"293":{"start":{"line":718,"column":4},"end":{"line":740,"column":6}},"294":{"start":{"line":720,"column":8},"end":{"line":720,"column":41}},"295":{"start":{"line":722,"column":8},"end":{"line":722,"column":55}},"296":{"start":{"line":724,"column":8},"end":{"line":726,"column":9}},"297":{"start":{"line":725,"column":12},"end":{"line":725,"column":54}},"298":{"start":{"line":728,"column":8},"end":{"line":730,"column":9}},"299":{"start":{"line":729,"column":12},"end":{"line":729,"column":48}},"300":{"start":{"line":732,"column":8},"end":{"line":734,"column":9}},"301":{"start":{"line":733,"column":12},"end":{"line":733,"column":55}},"302":{"start":{"line":736,"column":8},"end":{"line":738,"column":9}},"303":{"start":{"line":737,"column":12},"end":{"line":737,"column":50}},"304":{"start":{"line":739,"column":8},"end":{"line":739,"column":20}},"305":{"start":{"line":752,"column":4},"end":{"line":777,"column":6}},"306":{"start":{"line":754,"column":8},"end":{"line":775,"column":9}},"307":{"start":{"line":755,"column":12},"end":{"line":755,"column":30}},"308":{"start":{"line":756,"column":12},"end":{"line":756,"column":32}},"309":{"start":{"line":757,"column":12},"end":{"line":757,"column":32}},"310":{"start":{"line":758,"column":12},"end":{"line":758,"column":44}},"311":{"start":{"line":759,"column":12},"end":{"line":774,"column":13}},"312":{"start":{"line":762,"column":16},"end":{"line":762,"column":68}},"313":{"start":{"line":764,"column":17},"end":{"line":774,"column":13}},"314":{"start":{"line":765,"column":16},"end":{"line":767,"column":17}},"315":{"start":{"line":766,"column":20},"end":{"line":766,"column":51}},"316":{"start":{"line":768,"column":16},"end":{"line":770,"column":17}},"317":{"start":{"line":769,"column":20},"end":{"line":769,"column":52}},"318":{"start":{"line":773,"column":16},"end":{"line":773,"column":124}},"319":{"start":{"line":776,"column":8},"end":{"line":776,"column":20}},"320":{"start":{"line":778,"column":4},"end":{"line":791,"column":7}},"321":{"start":{"line":780,"column":12},"end":{"line":780,"column":32}},"322":{"start":{"line":787,"column":12},"end":{"line":787,"column":34}},"323":{"start":{"line":792,"column":4},"end":{"line":805,"column":7}},"324":{"start":{"line":794,"column":12},"end":{"line":794,"column":40}},"325":{"start":{"line":801,"column":12},"end":{"line":801,"column":50}},"326":{"start":{"line":806,"column":4},"end":{"line":818,"column":7}},"327":{"start":{"line":808,"column":12},"end":{"line":808,"column":32}},"328":{"start":{"line":814,"column":12},"end":{"line":814,"column":34}},"329":{"start":{"line":819,"column":4},"end":{"line":831,"column":7}},"330":{"start":{"line":821,"column":12},"end":{"line":821,"column":38}},"331":{"start":{"line":827,"column":12},"end":{"line":827,"column":46}},"332":{"start":{"line":832,"column":4},"end":{"line":844,"column":7}},"333":{"start":{"line":834,"column":12},"end":{"line":834,"column":33}},"334":{"start":{"line":840,"column":12},"end":{"line":840,"column":36}},"335":{"start":{"line":845,"column":4},"end":{"line":857,"column":7}},"336":{"start":{"line":847,"column":12},"end":{"line":847,"column":38}},"337":{"start":{"line":853,"column":12},"end":{"line":853,"column":46}},"338":{"start":{"line":858,"column":4},"end":{"line":867,"column":7}},"339":{"start":{"line":863,"column":12},"end":{"line":863,"column":29}},"340":{"start":{"line":871,"column":4},"end":{"line":937,"column":6}},"341":{"start":{"line":938,"column":4},"end":{"line":938,"column":22}},"342":{"start":{"line":940,"column":0},"end":{"line":940,"column":32}},"343":{"start":{"line":946,"column":0},"end":{"line":950,"column":2}},"344":{"start":{"line":947,"column":4},"end":{"line":947,"column":58}},"345":{"start":{"line":947,"column":21},"end":{"line":947,"column":58}},"346":{"start":{"line":947,"column":46},"end":{"line":947,"column":58}},"347":{"start":{"line":948,"column":4},"end":{"line":948,"column":43}},"348":{"start":{"line":948,"column":20},"end":{"line":948,"column":41}},"349":{"start":{"line":949,"column":4},"end":{"line":949,"column":89}},"350":{"start":{"line":954,"column":0},"end":{"line":963,"column":10}},"351":{"start":{"line":955,"column":4},"end":{"line":955,"column":39}},"352":{"start":{"line":956,"column":4},"end":{"line":961,"column":5}},"353":{"start":{"line":958,"column":8},"end":{"line":958,"column":35}},"354":{"start":{"line":959,"column":8},"end":{"line":959,"column":38}},"355":{"start":{"line":960,"column":8},"end":{"line":960,"column":31}},"356":{"start":{"line":962,"column":4},"end":{"line":962,"column":27}},"357":{"start":{"line":964,"column":0},"end":{"line":964,"column":42}}},"branchMap":{"1":{"line":1,"type":"if","locations":[{"start":{"line":1,"column":13},"end":{"line":1,"column":13}},{"start":{"line":1,"column":13},"end":{"line":1,"column":13}}]},"2":{"line":1,"type":"binary-expr","locations":[{"start":{"line":1,"column":16},"end":{"line":1,"column":41}},{"start":{"line":1,"column":43},"end":{"line":1,"column":70}}]},"3":{"line":1,"type":"if","locations":[{"start":{"line":1,"column":96},"end":{"line":1,"column":96}},{"start":{"line":1,"column":96},"end":{"line":1,"column":96}}]},"4":{"line":1,"type":"binary-expr","locations":[{"start":{"line":1,"column":99},"end":{"line":1,"column":125}},{"start":{"line":1,"column":127},"end":{"line":1,"column":137}}]},"5":{"line":1,"type":"if","locations":[{"start":{"line":1,"column":163},"end":{"line":1,"column":163}},{"start":{"line":1,"column":163},"end":{"line":1,"column":163}}]},"6":{"line":1,"type":"if","locations":[{"start":{"line":1,"column":209},"end":{"line":1,"column":209}},{"start":{"line":1,"column":209},"end":{"line":1,"column":209}}]},"7":{"line":1,"type":"if","locations":[{"start":{"line":1,"column":255},"end":{"line":1,"column":255}},{"start":{"line":1,"column":255},"end":{"line":1,"column":255}}]},"8":{"line":1,"type":"if","locations":[{"start":{"line":1,"column":405},"end":{"line":1,"column":405}},{"start":{"line":1,"column":405},"end":{"line":1,"column":405}}]},"9":{"line":1,"type":"if","locations":[{"start":{"line":1,"column":415},"end":{"line":1,"column":415}},{"start":{"line":1,"column":415},"end":{"line":1,"column":415}}]},"10":{"line":1,"type":"binary-expr","locations":[{"start":{"line":1,"column":431},"end":{"line":1,"column":457}},{"start":{"line":1,"column":459},"end":{"line":1,"column":466}}]},"11":{"line":1,"type":"if","locations":[{"start":{"line":1,"column":467},"end":{"line":1,"column":467}},{"start":{"line":1,"column":467},"end":{"line":1,"column":467}}]},"12":{"line":1,"type":"binary-expr","locations":[{"start":{"line":1,"column":470},"end":{"line":1,"column":472}},{"start":{"line":1,"column":474},"end":{"line":1,"column":475}}]},"13":{"line":1,"type":"if","locations":[{"start":{"line":1,"column":491},"end":{"line":1,"column":491}},{"start":{"line":1,"column":491},"end":{"line":1,"column":491}}]},"14":{"line":1,"type":"cond-expr","locations":[{"start":{"line":1,"column":678},"end":{"line":1,"column":679}},{"start":{"line":1,"column":680},"end":{"line":1,"column":681}}]},"15":{"line":1,"type":"binary-expr","locations":[{"start":{"line":1,"column":731},"end":{"line":1,"column":757}},{"start":{"line":1,"column":759},"end":{"line":1,"column":766}}]},"16":{"line":15,"type":"cond-expr","locations":[{"start":{"line":15,"column":33},"end":{"line":15,"column":45}},{"start":{"line":15,"column":48},"end":{"line":15,"column":99}}]},"17":{"line":15,"type":"cond-expr","locations":[{"start":{"line":15,"column":80},"end":{"line":15,"column":92}},{"start":{"line":15,"column":95},"end":{"line":15,"column":99}}]},"18":{"line":57,"type":"if","locations":[{"start":{"line":57,"column":8},"end":{"line":57,"column":8}},{"start":{"line":57,"column":8},"end":{"line":57,"column":8}}]},"19":{"line":75,"type":"if","locations":[{"start":{"line":75,"column":8},"end":{"line":75,"column":8}},{"start":{"line":75,"column":8},"end":{"line":75,"column":8}}]},"20":{"line":91,"type":"if","locations":[{"start":{"line":91,"column":8},"end":{"line":91,"column":8}},{"start":{"line":91,"column":8},"end":{"line":91,"column":8}}]},"21":{"line":100,"type":"if","locations":[{"start":{"line":100,"column":8},"end":{"line":100,"column":8}},{"start":{"line":100,"column":8},"end":{"line":100,"column":8}}]},"22":{"line":109,"type":"if","locations":[{"start":{"line":109,"column":8},"end":{"line":109,"column":8}},{"start":{"line":109,"column":8},"end":{"line":109,"column":8}}]},"23":{"line":118,"type":"if","locations":[{"start":{"line":118,"column":8},"end":{"line":118,"column":8}},{"start":{"line":118,"column":8},"end":{"line":118,"column":8}}]},"24":{"line":127,"type":"if","locations":[{"start":{"line":127,"column":8},"end":{"line":127,"column":8}},{"start":{"line":127,"column":8},"end":{"line":127,"column":8}}]},"25":{"line":136,"type":"if","locations":[{"start":{"line":136,"column":8},"end":{"line":136,"column":8}},{"start":{"line":136,"column":8},"end":{"line":136,"column":8}}]},"26":{"line":145,"type":"if","locations":[{"start":{"line":145,"column":8},"end":{"line":145,"column":8}},{"start":{"line":145,"column":8},"end":{"line":145,"column":8}}]},"27":{"line":154,"type":"if","locations":[{"start":{"line":154,"column":8},"end":{"line":154,"column":8}},{"start":{"line":154,"column":8},"end":{"line":154,"column":8}}]},"28":{"line":163,"type":"if","locations":[{"start":{"line":163,"column":8},"end":{"line":163,"column":8}},{"start":{"line":163,"column":8},"end":{"line":163,"column":8}}]},"29":{"line":191,"type":"if","locations":[{"start":{"line":191,"column":8},"end":{"line":191,"column":8}},{"start":{"line":191,"column":8},"end":{"line":191,"column":8}}]},"30":{"line":202,"type":"if","locations":[{"start":{"line":202,"column":8},"end":{"line":202,"column":8}},{"start":{"line":202,"column":8},"end":{"line":202,"column":8}}]},"31":{"line":234,"type":"if","locations":[{"start":{"line":234,"column":8},"end":{"line":234,"column":8}},{"start":{"line":234,"column":8},"end":{"line":234,"column":8}}]},"32":{"line":267,"type":"if","locations":[{"start":{"line":267,"column":8},"end":{"line":267,"column":8}},{"start":{"line":267,"column":8},"end":{"line":267,"column":8}}]},"33":{"line":270,"type":"if","locations":[{"start":{"line":270,"column":13},"end":{"line":270,"column":13}},{"start":{"line":270,"column":13},"end":{"line":270,"column":13}}]},"34":{"line":310,"type":"if","locations":[{"start":{"line":310,"column":12},"end":{"line":310,"column":12}},{"start":{"line":310,"column":12},"end":{"line":310,"column":12}}]},"35":{"line":319,"type":"if","locations":[{"start":{"line":319,"column":17},"end":{"line":319,"column":17}},{"start":{"line":319,"column":17},"end":{"line":319,"column":17}}]},"36":{"line":357,"type":"if","locations":[{"start":{"line":357,"column":8},"end":{"line":357,"column":8}},{"start":{"line":357,"column":8},"end":{"line":357,"column":8}}]},"37":{"line":357,"type":"binary-expr","locations":[{"start":{"line":357,"column":12},"end":{"line":357,"column":41}},{"start":{"line":357,"column":45},"end":{"line":357,"column":73}}]},"38":{"line":385,"type":"if","locations":[{"start":{"line":385,"column":8},"end":{"line":385,"column":8}},{"start":{"line":385,"column":8},"end":{"line":385,"column":8}}]},"39":{"line":390,"type":"if","locations":[{"start":{"line":390,"column":13},"end":{"line":390,"column":13}},{"start":{"line":390,"column":13},"end":{"line":390,"column":13}}]},"40":{"line":412,"type":"if","locations":[{"start":{"line":412,"column":12},"end":{"line":412,"column":12}},{"start":{"line":412,"column":12},"end":{"line":412,"column":12}}]},"41":{"line":446,"type":"if","locations":[{"start":{"line":446,"column":8},"end":{"line":446,"column":8}},{"start":{"line":446,"column":8},"end":{"line":446,"column":8}}]},"42":{"line":485,"type":"if","locations":[{"start":{"line":485,"column":16},"end":{"line":485,"column":16}},{"start":{"line":485,"column":16},"end":{"line":485,"column":16}}]},"43":{"line":600,"type":"if","locations":[{"start":{"line":600,"column":16},"end":{"line":600,"column":16}},{"start":{"line":600,"column":16},"end":{"line":600,"column":16}}]},"44":{"line":603,"type":"if","locations":[{"start":{"line":603,"column":21},"end":{"line":603,"column":21}},{"start":{"line":603,"column":21},"end":{"line":603,"column":21}}]},"45":{"line":636,"type":"if","locations":[{"start":{"line":636,"column":8},"end":{"line":636,"column":8}},{"start":{"line":636,"column":8},"end":{"line":636,"column":8}}]},"46":{"line":636,"type":"binary-expr","locations":[{"start":{"line":636,"column":12},"end":{"line":636,"column":46}},{"start":{"line":636,"column":50},"end":{"line":636,"column":74}}]},"47":{"line":657,"type":"if","locations":[{"start":{"line":657,"column":12},"end":{"line":657,"column":12}},{"start":{"line":657,"column":12},"end":{"line":657,"column":12}}]},"48":{"line":661,"type":"if","locations":[{"start":{"line":661,"column":12},"end":{"line":661,"column":12}},{"start":{"line":661,"column":12},"end":{"line":661,"column":12}}]},"49":{"line":661,"type":"binary-expr","locations":[{"start":{"line":661,"column":16},"end":{"line":661,"column":40}},{"start":{"line":661,"column":44},"end":{"line":661,"column":66}}]},"50":{"line":668,"type":"if","locations":[{"start":{"line":668,"column":16},"end":{"line":668,"column":16}},{"start":{"line":668,"column":16},"end":{"line":668,"column":16}}]},"51":{"line":676,"type":"if","locations":[{"start":{"line":676,"column":16},"end":{"line":676,"column":16}},{"start":{"line":676,"column":16},"end":{"line":676,"column":16}}]},"52":{"line":684,"type":"if","locations":[{"start":{"line":684,"column":16},"end":{"line":684,"column":16}},{"start":{"line":684,"column":16},"end":{"line":684,"column":16}}]},"53":{"line":724,"type":"if","locations":[{"start":{"line":724,"column":8},"end":{"line":724,"column":8}},{"start":{"line":724,"column":8},"end":{"line":724,"column":8}}]},"54":{"line":728,"type":"if","locations":[{"start":{"line":728,"column":8},"end":{"line":728,"column":8}},{"start":{"line":728,"column":8},"end":{"line":728,"column":8}}]},"55":{"line":732,"type":"if","locations":[{"start":{"line":732,"column":8},"end":{"line":732,"column":8}},{"start":{"line":732,"column":8},"end":{"line":732,"column":8}}]},"56":{"line":736,"type":"if","locations":[{"start":{"line":736,"column":8},"end":{"line":736,"column":8}},{"start":{"line":736,"column":8},"end":{"line":736,"column":8}}]},"57":{"line":759,"type":"if","locations":[{"start":{"line":759,"column":12},"end":{"line":759,"column":12}},{"start":{"line":759,"column":12},"end":{"line":759,"column":12}}]},"58":{"line":764,"type":"if","locations":[{"start":{"line":764,"column":17},"end":{"line":764,"column":17}},{"start":{"line":764,"column":17},"end":{"line":764,"column":17}}]},"59":{"line":765,"type":"if","locations":[{"start":{"line":765,"column":16},"end":{"line":765,"column":16}},{"start":{"line":765,"column":16},"end":{"line":765,"column":16}}]},"60":{"line":765,"type":"binary-expr","locations":[{"start":{"line":765,"column":20},"end":{"line":765,"column":50}},{"start":{"line":765,"column":54},"end":{"line":765,"column":95}}]},"61":{"line":768,"type":"if","locations":[{"start":{"line":768,"column":16},"end":{"line":768,"column":16}},{"start":{"line":768,"column":16},"end":{"line":768,"column":16}}]},"62":{"line":768,"type":"binary-expr","locations":[{"start":{"line":768,"column":20},"end":{"line":768,"column":51}},{"start":{"line":768,"column":55},"end":{"line":768,"column":97}}]},"63":{"line":942,"type":"cond-expr","locations":[{"start":{"line":942,"column":45},"end":{"line":942,"column":51}},{"start":{"line":942,"column":54},"end":{"line":942,"column":134}}]},"64":{"line":942,"type":"cond-expr","locations":[{"start":{"line":942,"column":84},"end":{"line":942,"column":88}},{"start":{"line":942,"column":91},"end":{"line":942,"column":134}}]},"65":{"line":942,"type":"cond-expr","locations":[{"start":{"line":942,"column":123},"end":{"line":942,"column":129}},{"start":{"line":942,"column":132},"end":{"line":942,"column":134}}]},"66":{"line":946,"type":"binary-expr","locations":[{"start":{"line":946,"column":17},"end":{"line":946,"column":21}},{"start":{"line":946,"column":25},"end":{"line":946,"column":39}},{"start":{"line":946,"column":44},"end":{"line":950,"column":1}}]},"67":{"line":947,"type":"if","locations":[{"start":{"line":947,"column":21},"end":{"line":947,"column":21}},{"start":{"line":947,"column":21},"end":{"line":947,"column":21}}]},"68":{"line":949,"type":"cond-expr","locations":[{"start":{"line":949,"column":31},"end":{"line":949,"column":47}},{"start":{"line":949,"column":51},"end":{"line":949,"column":87}}]}},"l":{"1":5,"6":1,"7":1,"8":1,"9":1,"12":1,"14":1,"15":1,"32":1,"44":1,"46":0,"48":0,"50":0,"54":0,"55":0,"56":0,"57":0,"58":0,"61":0,"64":0,"71":1,"73":0,"74":0,"75":0,"77":0,"78":0,"79":0,"84":0,"85":0,"86":0,"89":0,"91":0,"93":0,"97":0,"100":0,"102":0,"106":0,"109":0,"111":0,"115":0,"118":0,"120":0,"124":0,"127":0,"129":0,"133":0,"136":0,"138":0,"142":0,"145":0,"147":0,"151":0,"154":0,"156":0,"160":0,"163":0,"165":0,"169":0,"171":0,"183":1,"185":0,"191":0,"193":0,"195":0,"196":0,"200":0,"202":0,"204":0,"206":0,"207":0,"211":0,"213":0,"229":1,"230":0,"231":0,"232":0,"233":0,"234":0,"235":0,"238":0,"261":1,"262":0,"263":0,"265":0,"266":0,"267":0,"268":0,"270":0,"271":0,"274":0,"285":1,"301":0,"302":0,"303":0,"304":0,"305":0,"306":0,"307":0,"308":0,"309":0,"310":0,"311":0,"312":0,"313":0,"314":0,"315":0,"317":0,"319":0,"320":0,"321":0,"322":0,"323":0,"324":0,"326":0,"329":0,"333":0,"335":0,"336":0,"343":0,"355":1,"357":0,"359":0,"360":0,"363":0,"364":0,"379":1,"382":0,"383":0,"384":0,"385":0,"386":0,"387":0,"388":0,"390":0,"391":0,"392":0,"393":0,"396":0,"399":0,"400":0,"405":1,"407":0,"410":0,"411":0,"412":0,"413":0,"417":0,"419":0,"420":0,"421":0,"436":1,"437":0,"438":0,"439":0,"440":0,"441":0,"443":0,"444":0,"445":0,"446":0,"447":0,"451":0,"458":1,"460":0,"467":0,"469":0,"472":0,"478":0,"481":0,"484":0,"485":0,"486":0,"492":0,"495":0,"496":0,"497":0,"500":0,"503":0,"504":0,"505":0,"508":0,"510":0,"513":0,"519":0,"524":0,"525":0,"526":0,"527":0,"532":0,"535":0,"536":0,"537":0,"538":0,"543":0,"544":0,"550":0,"551":0,"555":0,"563":0,"564":0,"570":0,"571":0,"574":0,"577":0,"579":0,"581":0,"583":0,"585":0,"586":0,"588":0,"595":0,"597":0,"599":0,"600":0,"601":0,"603":0,"604":0,"607":0,"611":0,"614":0,"617":0,"618":0,"634":1,"635":0,"636":0,"638":0,"641":0,"643":0,"645":0,"650":1,"653":0,"654":0,"656":0,"657":0,"658":0,"661":0,"662":0,"664":0,"665":0,"668":0,"669":0,"672":0,"676":0,"677":0,"680":0,"684":0,"685":0,"688":0,"690":0,"692":0,"694":0,"696":0,"700":0,"702":0,"718":1,"720":0,"722":0,"724":0,"725":0,"728":0,"729":0,"732":0,"733":0,"736":0,"737":0,"739":0,"752":1,"754":0,"755":0,"756":0,"757":0,"758":0,"759":0,"762":0,"764":0,"765":0,"766":0,"768":0,"769":0,"773":0,"776":0,"778":1,"780":0,"787":0,"792":1,"794":0,"801":0,"806":1,"808":0,"814":0,"819":1,"821":0,"827":0,"832":1,"834":0,"840":0,"845":1,"847":0,"853":0,"858":1,"863":0,"871":1,"938":1,"940":1,"946":1,"947":1,"948":1,"949":1,"954":1,"955":1,"956":1,"958":0,"959":0,"960":0,"962":1,"964":1}}}
